[0.009s] Invoking command in '/home/rivalits/Documents/res/erc_remote/build/remote2025_messages': CMAKE_PREFIX_PATH=/opt/ros/humble /usr/bin/cmake /home/rivalits/Documents/res/erc_remote/src/remote2025_messages -DCMAKE_INSTALL_PREFIX=/home/rivalits/Documents/res/erc_remote/install/remote2025_messages
[0.020s] -- Found ament_cmake: 1.3.11 (/opt/ros/humble/share/ament_cmake/cmake)
[0.137s] -- Found rclcpp: 16.0.12 (/opt/ros/humble/share/rclcpp/cmake)
[0.164s] -- Found rosidl_generator_c: 3.1.6 (/opt/ros/humble/share/rosidl_generator_c/cmake)
[0.167s] -- Found rosidl_adapter: 3.1.6 (/opt/ros/humble/share/rosidl_adapter/cmake)
[0.174s] -- Found rosidl_generator_cpp: 3.1.6 (/opt/ros/humble/share/rosidl_generator_cpp/cmake)
[0.185s] -- Using all available rosidl_typesupport_c: rosidl_typesupport_fastrtps_c;rosidl_typesupport_introspection_c
[0.199s] -- Using all available rosidl_typesupport_cpp: rosidl_typesupport_fastrtps_cpp;rosidl_typesupport_introspection_cpp
[0.236s] -- Found rmw_implementation_cmake: 6.1.2 (/opt/ros/humble/share/rmw_implementation_cmake/cmake)
[0.237s] -- Found rmw_fastrtps_cpp: 6.2.7 (/opt/ros/humble/share/rmw_fastrtps_cpp/cmake)
[0.320s] -- Using RMW implementation 'rmw_fastrtps_cpp' as default
[0.358s] -- Found rosidl_default_generators: 1.2.0 (/opt/ros/humble/share/rosidl_default_generators/cmake)
[0.363s] [31mCMake Error at /opt/ros/humble/share/rosidl_cmake/cmake/rosidl_generate_interfaces.cmake:93 (message):
[0.363s]   rosidl_generate_interfaces() the passed file 'msg/ReadLed.msg' doesn't
[0.363s]   exist relative to the CMAKE_CURRENT_SOURCE_DIR
[0.363s]   '/home/rivalits/Documents/res/erc_remote/src/remote2025_messages'
[0.363s] Call Stack (most recent call first):
[0.364s]   CMakeLists.txt:16 (rosidl_generate_interfaces)
[0.364s] 
[0.364s] [0m
[0.364s] -- Configuring incomplete, errors occurred!
[0.364s] See also "/home/rivalits/Documents/res/erc_remote/build/remote2025_messages/CMakeFiles/CMakeOutput.log".
