[0.063s] [34mcolcon[0m [1;30mDEBUG[0m [32mCommand line arguments: ['/usr/bin/colcon', 'build'][0m
[0.063s] [34mcolcon[0m [1;30mDEBUG[0m [32mParsed command line arguments: Namespace(log_base=None, log_level=None, verb_name='build', build_base='build', install_base='install', merge_install=False, symlink_install=False, test_result_base=None, continue_on_error=False, executor='parallel', parallel_workers=12, event_handlers=None, ignore_user_meta=False, metas=['./colcon.meta'], base_paths=['.'], packages_ignore=None, packages_ignore_regex=None, paths=None, packages_up_to=None, packages_up_to_regex=None, packages_above=None, packages_above_and_dependencies=None, packages_above_depth=None, packages_select_by_dep=None, packages_skip_by_dep=None, packages_skip_up_to=None, packages_select_build_failed=False, packages_skip_build_finished=False, packages_select_test_failures=False, packages_skip_test_passed=False, packages_select=None, packages_skip=None, packages_select_regex=None, packages_skip_regex=None, packages_start=None, packages_end=None, allow_overriding=[], cmake_args=None, cmake_target=None, cmake_target_skip_unavailable=False, cmake_clean_cache=False, cmake_clean_first=False, cmake_force_configure=False, ament_cmake_args=None, catkin_cmake_args=None, catkin_skip_building_tests=False, mixin_files=None, mixin=None, verb_parser=<colcon_mixin.mixin.mixin_argument.MixinArgumentDecorator object at 0x71fd0b13dba0>, verb_extension=<colcon_core.verb.build.BuildVerb object at 0x71fd0b22eb00>, main=<bound method BuildVerb.main of <colcon_core.verb.build.BuildVerb object at 0x71fd0b22eb00>>, mixin_verb=('build',))[0m
[0.163s] [34mcolcon.colcon_core.package_discovery[0m [1;30mLevel 1[0m discover_packages(colcon_meta) check parameters
[0.163s] [34mcolcon.colcon_core.package_discovery[0m [1;30mLevel 1[0m discover_packages(recursive) check parameters
[0.163s] [34mcolcon.colcon_core.package_discovery[0m [1;30mLevel 1[0m discover_packages(ignore) check parameters
[0.163s] [34mcolcon.colcon_core.package_discovery[0m [1;30mLevel 1[0m discover_packages(path) check parameters
[0.163s] [34mcolcon.colcon_core.package_discovery[0m [1;30mLevel 1[0m discover_packages(colcon_meta) discover
[0.163s] [34mcolcon.colcon_core.package_discovery[0m [1;30mLevel 1[0m discover_packages(recursive) discover
[0.163s] [34mcolcon.colcon_core.package_discovery[0m [1;30mINFO[0m Crawling recursively for packages in '/home/rivalits/Documents/res/erc_remote'
[0.163s] [34mcolcon.colcon_core.package_identification[0m [1;30mLevel 1[0m _identify(.) by extensions ['ignore', 'ignore_ament_install']
[0.163s] [34mcolcon.colcon_core.package_identification[0m [1;30mLevel 1[0m _identify(.) by extension 'ignore'
[0.164s] [34mcolcon.colcon_core.package_identification[0m [1;30mLevel 1[0m _identify(.) by extension 'ignore_ament_install'
[0.164s] [34mcolcon.colcon_core.package_identification[0m [1;30mLevel 1[0m _identify(.) by extensions ['colcon_pkg']
[0.164s] [34mcolcon.colcon_core.package_identification[0m [1;30mLevel 1[0m _identify(.) by extension 'colcon_pkg'
[0.164s] [34mcolcon.colcon_core.package_identification[0m [1;30mLevel 1[0m _identify(.) by extensions ['colcon_meta']
[0.164s] [34mcolcon.colcon_core.package_identification[0m [1;30mLevel 1[0m _identify(.) by extension 'colcon_meta'
[0.164s] [34mcolcon.colcon_core.package_identification[0m [1;30mLevel 1[0m _identify(.) by extensions ['ros']
[0.164s] [34mcolcon.colcon_core.package_identification[0m [1;30mLevel 1[0m _identify(.) by extension 'ros'
[0.175s] [34mcolcon.colcon_core.package_identification[0m [1;30mLevel 1[0m _identify(.) by extensions ['cmake', 'python']
[0.175s] [34mcolcon.colcon_core.package_identification[0m [1;30mLevel 1[0m _identify(.) by extension 'cmake'
[0.175s] [34mcolcon.colcon_core.package_identification[0m [1;30mLevel 1[0m _identify(.) by extension 'python'
[0.175s] [34mcolcon.colcon_core.package_identification[0m [1;30mLevel 1[0m _identify(.) by extensions ['python_setup_py']
[0.175s] [34mcolcon.colcon_core.package_identification[0m [1;30mLevel 1[0m _identify(.) by extension 'python_setup_py'
[0.175s] [34mcolcon.colcon_core.package_identification[0m [1;30mLevel 1[0m _identify(build) by extensions ['ignore', 'ignore_ament_install']
[0.175s] [34mcolcon.colcon_core.package_identification[0m [1;30mLevel 1[0m _identify(build) by extension 'ignore'
[0.175s] [34mcolcon.colcon_core.package_identification[0m [1;30mLevel 1[0m _identify(build) ignored
[0.175s] [34mcolcon.colcon_core.package_identification[0m [1;30mLevel 1[0m _identify(install) by extensions ['ignore', 'ignore_ament_install']
[0.175s] [34mcolcon.colcon_core.package_identification[0m [1;30mLevel 1[0m _identify(install) by extension 'ignore'
[0.175s] [34mcolcon.colcon_core.package_identification[0m [1;30mLevel 1[0m _identify(install) ignored
[0.175s] [34mcolcon.colcon_core.package_identification[0m [1;30mLevel 1[0m _identify(log) by extensions ['ignore', 'ignore_ament_install']
[0.175s] [34mcolcon.colcon_core.package_identification[0m [1;30mLevel 1[0m _identify(log) by extension 'ignore'
[0.175s] [34mcolcon.colcon_core.package_identification[0m [1;30mLevel 1[0m _identify(log) ignored
[0.175s] [34mcolcon.colcon_core.package_identification[0m [1;30mLevel 1[0m _identify(src) by extensions ['ignore', 'ignore_ament_install']
[0.175s] [34mcolcon.colcon_core.package_identification[0m [1;30mLevel 1[0m _identify(src) by extension 'ignore'
[0.176s] [34mcolcon.colcon_core.package_identification[0m [1;30mLevel 1[0m _identify(src) by extension 'ignore_ament_install'
[0.176s] [34mcolcon.colcon_core.package_identification[0m [1;30mLevel 1[0m _identify(src) by extensions ['colcon_pkg']
[0.176s] [34mcolcon.colcon_core.package_identification[0m [1;30mLevel 1[0m _identify(src) by extension 'colcon_pkg'
[0.176s] [34mcolcon.colcon_core.package_identification[0m [1;30mLevel 1[0m _identify(src) by extensions ['colcon_meta']
[0.176s] [34mcolcon.colcon_core.package_identification[0m [1;30mLevel 1[0m _identify(src) by extension 'colcon_meta'
[0.176s] [34mcolcon.colcon_core.package_identification[0m [1;30mLevel 1[0m _identify(src) by extensions ['ros']
[0.176s] [34mcolcon.colcon_core.package_identification[0m [1;30mLevel 1[0m _identify(src) by extension 'ros'
[0.176s] [34mcolcon.colcon_core.package_identification[0m [1;30mLevel 1[0m _identify(src) by extensions ['cmake', 'python']
[0.176s] [34mcolcon.colcon_core.package_identification[0m [1;30mLevel 1[0m _identify(src) by extension 'cmake'
[0.176s] [34mcolcon.colcon_core.package_identification[0m [1;30mLevel 1[0m _identify(src) by extension 'python'
[0.176s] [34mcolcon.colcon_core.package_identification[0m [1;30mLevel 1[0m _identify(src) by extensions ['python_setup_py']
[0.176s] [34mcolcon.colcon_core.package_identification[0m [1;30mLevel 1[0m _identify(src) by extension 'python_setup_py'
[0.176s] [34mcolcon.colcon_core.package_identification[0m [1;30mLevel 1[0m _identify(src/remote2025_camera) by extensions ['ignore', 'ignore_ament_install']
[0.176s] [34mcolcon.colcon_core.package_identification[0m [1;30mLevel 1[0m _identify(src/remote2025_camera) by extension 'ignore'
[0.176s] [34mcolcon.colcon_core.package_identification[0m [1;30mLevel 1[0m _identify(src/remote2025_camera) by extension 'ignore_ament_install'
[0.176s] [34mcolcon.colcon_core.package_identification[0m [1;30mLevel 1[0m _identify(src/remote2025_camera) by extensions ['colcon_pkg']
[0.176s] [34mcolcon.colcon_core.package_identification[0m [1;30mLevel 1[0m _identify(src/remote2025_camera) by extension 'colcon_pkg'
[0.176s] [34mcolcon.colcon_core.package_identification[0m [1;30mLevel 1[0m _identify(src/remote2025_camera) by extensions ['colcon_meta']
[0.176s] [34mcolcon.colcon_core.package_identification[0m [1;30mLevel 1[0m _identify(src/remote2025_camera) by extension 'colcon_meta'
[0.176s] [34mcolcon.colcon_core.package_identification[0m [1;30mLevel 1[0m _identify(src/remote2025_camera) by extensions ['ros']
[0.176s] [34mcolcon.colcon_core.package_identification[0m [1;30mLevel 1[0m _identify(src/remote2025_camera) by extension 'ros'
[0.180s] [34mcolcon.colcon_core.package_identification[0m [1;30mDEBUG[0m [32mFound ROS schema reference in package manifest in 'src/remote2025_camera'[0m
[0.180s] [34mcolcon.colcon_core.package_identification[0m [1;30mWARNING[0m [33mFailed to parse ROS package manifest in 'src/remote2025_camera': Error(s) in package 'src/remote2025_camera/package.xml':
Invalid email "rivalits@rival" for person "rivalits"[0m
[0.181s] [34mcolcon.colcon_core.package_identification[0m [1;30mLevel 1[0m _identify(src/remote2025_camera) by extensions ['cmake', 'python']
[0.181s] [34mcolcon.colcon_core.package_identification[0m [1;30mLevel 1[0m _identify(src/remote2025_camera) by extension 'cmake'
[0.181s] [34mcolcon.colcon_core.package_identification[0m [1;30mLevel 1[0m _identify(src/remote2025_camera) by extension 'python'
[0.181s] [34mcolcon.colcon_core.package_identification[0m [1;30mDEBUG[0m [32mPackage 'src/remote2025_camera' with type 'cmake' and name 'remote2025_camera'[0m
[0.181s] [34mcolcon.colcon_core.package_discovery[0m [1;30mLevel 1[0m discover_packages(recursive) using defaults
[0.181s] [34mcolcon.colcon_core.package_discovery[0m [1;30mLevel 1[0m discover_packages(ignore) discover
[0.181s] [34mcolcon.colcon_core.package_discovery[0m [1;30mLevel 1[0m discover_packages(ignore) using defaults
[0.181s] [34mcolcon.colcon_core.package_discovery[0m [1;30mLevel 1[0m discover_packages(path) discover
[0.181s] [34mcolcon.colcon_core.package_discovery[0m [1;30mLevel 1[0m discover_packages(path) using defaults
[0.190s] [34mcolcon.colcon_core.package_discovery[0m [1;30mLevel 1[0m discover_packages(prefix_path) check parameters
[0.190s] [34mcolcon.colcon_core.package_discovery[0m [1;30mLevel 1[0m discover_packages(prefix_path) discover
[0.191s] [34mcolcon.colcon_installed_package_information.package_discovery[0m [1;30mDEBUG[0m [32mFound 354 installed packages in /opt/ros/humble[0m
[0.192s] [34mcolcon.colcon_core.package_discovery[0m [1;30mLevel 1[0m discover_packages(prefix_path) using defaults
[0.216s] [34mcolcon.colcon_core.verb[0m [1;30mLevel 5[0m set package 'remote2025_camera' build argument 'cmake_args' from command line to 'None'
[0.216s] [34mcolcon.colcon_core.verb[0m [1;30mLevel 5[0m set package 'remote2025_camera' build argument 'cmake_target' from command line to 'None'
[0.216s] [34mcolcon.colcon_core.verb[0m [1;30mLevel 5[0m set package 'remote2025_camera' build argument 'cmake_target_skip_unavailable' from command line to 'False'
[0.216s] [34mcolcon.colcon_core.verb[0m [1;30mLevel 5[0m set package 'remote2025_camera' build argument 'cmake_clean_cache' from command line to 'False'
[0.216s] [34mcolcon.colcon_core.verb[0m [1;30mLevel 5[0m set package 'remote2025_camera' build argument 'cmake_clean_first' from command line to 'False'
[0.216s] [34mcolcon.colcon_core.verb[0m [1;30mLevel 5[0m set package 'remote2025_camera' build argument 'cmake_force_configure' from command line to 'False'
[0.216s] [34mcolcon.colcon_core.verb[0m [1;30mLevel 5[0m set package 'remote2025_camera' build argument 'ament_cmake_args' from command line to 'None'
[0.216s] [34mcolcon.colcon_core.verb[0m [1;30mLevel 5[0m set package 'remote2025_camera' build argument 'catkin_cmake_args' from command line to 'None'
[0.216s] [34mcolcon.colcon_core.verb[0m [1;30mLevel 5[0m set package 'remote2025_camera' build argument 'catkin_skip_building_tests' from command line to 'False'
[0.216s] [34mcolcon.colcon_core.verb[0m [1;30mDEBUG[0m [32mBuilding package 'remote2025_camera' with the following arguments: {'ament_cmake_args': None, 'build_base': '/home/rivalits/Documents/res/erc_remote/build/remote2025_camera', 'catkin_cmake_args': None, 'catkin_skip_building_tests': False, 'cmake_args': None, 'cmake_clean_cache': False, 'cmake_clean_first': False, 'cmake_force_configure': False, 'cmake_target': None, 'cmake_target_skip_unavailable': False, 'install_base': '/home/rivalits/Documents/res/erc_remote/install/remote2025_camera', 'merge_install': False, 'path': '/home/rivalits/Documents/res/erc_remote/src/remote2025_camera', 'symlink_install': False, 'test_result_base': None}[0m
[0.216s] [34mcolcon.colcon_core.executor[0m [1;30mINFO[0m Executing jobs using 'parallel' executor
[0.217s] [34mcolcon.colcon_parallel_executor.executor.parallel[0m [1;30mDEBUG[0m [32mrun_until_complete[0m
[0.217s] [34mcolcon.colcon_cmake.task.cmake.build[0m [1;30mINFO[0m Building CMake package in '/home/rivalits/Documents/res/erc_remote/src/remote2025_camera'
[0.219s] [34mcolcon.colcon_core.plugin_system[0m [1;30mINFO[0m Skipping extension 'colcon_core.shell.bat': Not used on non-Windows systems
[0.219s] [34mcolcon.colcon_core.shell[0m [1;30mINFO[0m Skip shell extension 'powershell' for command environment: Not usable outside of PowerShell
[0.219s] [34mcolcon.colcon_core.shell[0m [1;30mDEBUG[0m [32mSkip shell extension 'dsv' for command environment[0m
[0.224s] [34mcolcon.colcon_core.event_handler.log_command[0m [1;30mDEBUG[0m [32mInvoking command in '/home/rivalits/Documents/res/erc_remote/build/remote2025_camera': /usr/bin/cmake /home/rivalits/Documents/res/erc_remote/src/remote2025_camera -DCMAKE_INSTALL_PREFIX=/home/rivalits/Documents/res/erc_remote/install/remote2025_camera[0m
[1.022s] [34mcolcon.colcon_core.event_handler.log_command[0m [1;30mDEBUG[0m [32mInvoked command in '/home/rivalits/Documents/res/erc_remote/build/remote2025_camera' returned '1': /usr/bin/cmake /home/rivalits/Documents/res/erc_remote/src/remote2025_camera -DCMAKE_INSTALL_PREFIX=/home/rivalits/Documents/res/erc_remote/install/remote2025_camera[0m
[1.033s] [34mcolcon.colcon_parallel_executor.executor.parallel[0m [1;30mDEBUG[0m [32mclosing loop[0m
[1.033s] [34mcolcon.colcon_parallel_executor.executor.parallel[0m [1;30mDEBUG[0m [32mloop closed[0m
[1.033s] [34mcolcon.colcon_parallel_executor.executor.parallel[0m [1;30mDEBUG[0m [32mrun_until_complete finished with '1'[0m
[1.033s] [34mcolcon.colcon_core.event_reactor[0m [1;30mDEBUG[0m [32mjoining thread[0m
[1.036s] [34mcolcon.colcon_core.plugin_system[0m [1;30mINFO[0m Skipping extension 'colcon_notification.desktop_notification.terminal_notifier': Not used on non-Darwin systems
[1.037s] [34mcolcon.colcon_core.plugin_system[0m [1;30mINFO[0m Skipping extension 'colcon_notification.desktop_notification.win32': Not used on non-Windows systems
[1.037s] [34mcolcon.colcon_notification.desktop_notification[0m [1;30mINFO[0m Sending desktop notification using 'notify2'
[1.047s] [34mcolcon.colcon_core.event_reactor[0m [1;30mDEBUG[0m [32mjoined thread[0m
[1.047s] [34mcolcon.colcon_core.shell[0m [1;30mINFO[0m Creating prefix script '/home/rivalits/Documents/res/erc_remote/install/local_setup.ps1'
[1.048s] [34mcolcon.colcon_core.shell[0m [1;30mINFO[0m Creating prefix util module '/home/rivalits/Documents/res/erc_remote/install/_local_setup_util_ps1.py'
[1.051s] [34mcolcon.colcon_core.shell[0m [1;30mINFO[0m Creating prefix chain script '/home/rivalits/Documents/res/erc_remote/install/setup.ps1'
[1.052s] [34mcolcon.colcon_core.shell[0m [1;30mINFO[0m Creating prefix script '/home/rivalits/Documents/res/erc_remote/install/local_setup.sh'
[1.052s] [34mcolcon.colcon_core.shell[0m [1;30mINFO[0m Creating prefix util module '/home/rivalits/Documents/res/erc_remote/install/_local_setup_util_sh.py'
[1.053s] [34mcolcon.colcon_core.shell[0m [1;30mINFO[0m Creating prefix chain script '/home/rivalits/Documents/res/erc_remote/install/setup.sh'
[1.054s] [34mcolcon.colcon_core.shell[0m [1;30mINFO[0m Creating prefix script '/home/rivalits/Documents/res/erc_remote/install/local_setup.bash'
[1.054s] [34mcolcon.colcon_core.shell[0m [1;30mINFO[0m Creating prefix chain script '/home/rivalits/Documents/res/erc_remote/install/setup.bash'
[1.055s] [34mcolcon.colcon_core.shell[0m [1;30mINFO[0m Creating prefix script '/home/rivalits/Documents/res/erc_remote/install/local_setup.zsh'
[1.055s] [34mcolcon.colcon_core.shell[0m [1;30mINFO[0m Creating prefix chain script '/home/rivalits/Documents/res/erc_remote/install/setup.zsh'
