[0.012s] Invoking command in '/home/rivalits/Documents/res/erc_remote/build/remote2025_camera': CMAKE_PREFIX_PATH=/opt/ros/humble /usr/bin/cmake /home/rivalits/Documents/res/erc_remote/src/remote2025_camera -DCMAKE_INSTALL_PREFIX=/home/rivalits/Documents/res/erc_remote/install/remote2025_camera
[0.023s] -- Found ament_cmake: 1.3.11 (/opt/ros/humble/share/ament_cmake/cmake)
[0.136s] -- Found rclcpp: 16.0.12 (/opt/ros/humble/share/rclcpp/cmake)
[0.157s] -- Found rosidl_generator_c: 3.1.6 (/opt/ros/humble/share/rosidl_generator_c/cmake)
[0.158s] -- Found rosidl_adapter: 3.1.6 (/opt/ros/humble/share/rosidl_adapter/cmake)
[0.162s] -- Found rosidl_generator_cpp: 3.1.6 (/opt/ros/humble/share/rosidl_generator_cpp/cmake)
[0.168s] -- Using all available rosidl_typesupport_c: rosidl_typesupport_fastrtps_c;rosidl_typesupport_introspection_c
[0.176s] -- Using all available rosidl_typesupport_cpp: rosidl_typesupport_fastrtps_cpp;rosidl_typesupport_introspection_cpp
[0.196s] -- Found rmw_implementation_cmake: 6.1.2 (/opt/ros/humble/share/rmw_implementation_cmake/cmake)
[0.196s] -- Found rmw_fastrtps_cpp: 6.2.7 (/opt/ros/humble/share/rmw_fastrtps_cpp/cmake)
[0.282s] -- Using RMW implementation 'rmw_fastrtps_cpp' as default
[0.331s] [31mCMake Error at CMakeLists.txt:11 (find_package):
[0.331s]   By not providing "Finddetect_messages.cmake" in CMAKE_MODULE_PATH this
[0.331s]   project has asked CMake to find a package configuration file provided by
[0.331s]   "detect_messages", but CMake did not find one.
[0.331s] 
[0.332s]   Could not find a package configuration file provided by "detect_messages"
[0.332s]   with any of the following names:
[0.332s] 
[0.332s]     detect_messagesConfig.cmake
[0.332s]     detect_messages-config.cmake
[0.332s] 
[0.332s]   Add the installation prefix of "detect_messages" to CMAKE_PREFIX_PATH or
[0.332s]   set "detect_messages_DIR" to a directory containing one of the above files.
[0.332s]   If "detect_messages" provides a separate development package or SDK, be
[0.332s]   sure it has been installed.
[0.332s] 
[0.333s] [0m
[0.333s] -- Configuring incomplete, errors occurred!
[0.333s] See also "/home/rivalits/Documents/res/erc_remote/build/remote2025_camera/CMakeFiles/CMakeOutput.log".
[0.339s] Invoked command in '/home/rivalits/Documents/res/erc_remote/build/remote2025_camera' returned '1': CMAKE_PREFIX_PATH=/opt/ros/humble /usr/bin/cmake /home/rivalits/Documents/res/erc_remote/src/remote2025_camera -DCMAKE_INSTALL_PREFIX=/home/rivalits/Documents/res/erc_remote/install/remote2025_camera
