[0.009s] Invoking command in '/home/rivalits/Documents/res/erc_remote/build/remote2025_camera': CMAKE_PREFIX_PATH=/opt/ros/humble /usr/bin/cmake /home/rivalits/Documents/res/erc_remote/src/remote2025_camera -DCMAKE_INSTALL_PREFIX=/home/rivalits/Documents/res/erc_remote/install/remote2025_camera
[0.027s] -- Found ament_cmake: 1.3.11 (/opt/ros/humble/share/ament_cmake/cmake)
[0.160s] -- Found rclcpp: 16.0.12 (/opt/ros/humble/share/rclcpp/cmake)
[0.249s] -- Found rosidl_generator_c: 3.1.6 (/opt/ros/humble/share/rosidl_generator_c/cmake)
[0.259s] -- Found rosidl_adapter: 3.1.6 (/opt/ros/humble/share/rosidl_adapter/cmake)
[0.273s] -- Found rosidl_generator_cpp: 3.1.6 (/opt/ros/humble/share/rosidl_generator_cpp/cmake)
[0.294s] -- Using all available rosidl_typesupport_c: rosidl_typesupport_fastrtps_c;rosidl_typesupport_introspection_c
[0.323s] -- Using all available rosidl_typesupport_cpp: rosidl_typesupport_fastrtps_cpp;rosidl_typesupport_introspection_cpp
[0.387s] -- Found rmw_implementation_cmake: 6.1.2 (/opt/ros/humble/share/rmw_implementation_cmake/cmake)
[0.390s] -- Found rmw_fastrtps_cpp: 6.2.7 (/opt/ros/humble/share/rmw_fastrtps_cpp/cmake)
[0.535s] -- Found OpenSSL: /usr/lib/x86_64-linux-gnu/libcrypto.so (found version "3.0.2")  
[0.569s] -- Found FastRTPS: /opt/ros/humble/include  
[0.608s] -- Using RMW implementation 'rmw_fastrtps_cpp' as default
[0.621s] -- Looking for pthread.h
[0.703s] -- Looking for pthread.h - found
[0.703s] -- Performing Test CMAKE_HAVE_LIBC_PTHREAD
[0.777s] -- Performing Test CMAKE_HAVE_LIBC_PTHREAD - Success
[0.778s] -- Found Threads: TRUE  
[0.867s] -- Found OpenCV: /usr (found version "4.5.4") 
[0.874s] [31mCMake Error at CMakeLists.txt:11 (find_package):
[0.874s]   By not providing "Finddetect_messages.cmake" in CMAKE_MODULE_PATH this
[0.874s]   project has asked CMake to find a package configuration file provided by
[0.874s]   "detect_messages", but CMake did not find one.
[0.874s] 
[0.874s]   Could not find a package configuration file provided by "detect_messages"
[0.874s]   with any of the following names:
[0.874s] 
[0.874s]     detect_messagesConfig.cmake
[0.875s]     detect_messages-config.cmake
[0.875s] 
[0.875s]   Add the installation prefix of "detect_messages" to CMAKE_PREFIX_PATH or
[0.875s]   set "detect_messages_DIR" to a directory containing one of the above files.
[0.875s]   If "detect_messages" provides a separate development package or SDK, be
[0.875s]   sure it has been installed.
[0.875s] 
[0.875s] [0m
[0.875s] -- Configuring incomplete, errors occurred!
[0.875s] See also "/home/rivalits/Documents/res/erc_remote/build/remote2025_camera/CMakeFiles/CMakeOutput.log".
[0.880s] Invoked command in '/home/rivalits/Documents/res/erc_remote/build/remote2025_camera' returned '1': CMAKE_PREFIX_PATH=/opt/ros/humble /usr/bin/cmake /home/rivalits/Documents/res/erc_remote/src/remote2025_camera -DCMAKE_INSTALL_PREFIX=/home/rivalits/Documents/res/erc_remote/install/remote2025_camera
