[0.006s] Invoking command in '/home/rivalits/Documents/res/erc_remote/build/remote2025_camera': /usr/bin/cmake /home/rivalits/Documents/res/erc_remote/src/remote2025_camera -DCMAKE_INSTALL_PREFIX=/home/rivalits/Documents/res/erc_remote/install/remote2025_camera
[0.254s] -- The C compiler identification is GNU 11.4.0
[0.375s] -- The CXX compiler identification is GNU 11.4.0
[0.385s] -- Detecting C compiler ABI info
[0.443s] -- Detecting C compiler ABI info - done
[0.452s] -- Check for working C compiler: /usr/bin/cc - skipped
[0.452s] -- Detecting C compile features
[0.453s] -- Detecting C compile features - done
[0.456s] -- Detecting CXX compiler ABI info
[0.518s] -- Detecting CXX compiler ABI info - done
[0.523s] -- Check for working CXX compiler: /usr/bin/c++ - skipped
[0.523s] -- Detecting CXX compile features
[0.524s] -- Detecting CXX compile features - done
[0.535s] -- Found ament_cmake: 1.3.11 (/opt/ros/humble/share/ament_cmake/cmake)
[0.661s] -- Found Python3: /usr/bin/python3 (found version "3.10.12") found components: Interpreter 
[0.728s] -- Found ament_lint_auto: 0.12.12 (/opt/ros/humble/share/ament_lint_auto/cmake)
[0.762s] Error parsing '/home/rivalits/Documents/res/erc_remote/src/remote2025_camera/package.xml':
[0.792s] Traceback (most recent call last):
[0.792s]   File "/opt/ros/humble/share/ament_cmake_core/cmake/core/package_xml_2_cmake.py", line 150, in <module>
[0.792s]     main()
[0.792s]   File "/opt/ros/humble/share/ament_cmake_core/cmake/core/package_xml_2_cmake.py", line 53, in main
[0.793s]     raise e
[0.793s]   File "/opt/ros/humble/share/ament_cmake_core/cmake/core/package_xml_2_cmake.py", line 49, in main
[0.793s]     package = parse_package_string(
[0.793s]   File "/usr/lib/python3/dist-packages/catkin_pkg/package.py", line 788, in parse_package_string
[0.793s]     pkg.validate(warnings=warnings)
[0.793s]   File "/usr/lib/python3/dist-packages/catkin_pkg/package.py", line 330, in validate
[0.793s]     raise InvalidPackage('\n'.join(errors), self.filename)
[0.793s] catkin_pkg.package.InvalidPackage: Error(s) in package '/home/rivalits/Documents/res/erc_remote/src/remote2025_camera/package.xml':
[0.793s] Invalid email "rivalits@rival" for person "rivalits"
[0.802s] -- Configuring incomplete, errors occurred!
[0.802s] See also "/home/rivalits/Documents/res/erc_remote/build/remote2025_camera/CMakeFiles/CMakeOutput.log".
[0.802s] [31mCMake Error at /opt/ros/humble/share/ament_cmake_core/cmake/core/ament_package_xml.cmake:95 (message):
[0.802s]   execute_process(/usr/bin/python3
[0.802s]   /opt/ros/humble/share/ament_cmake_core/cmake/core/package_xml_2_cmake.py
[0.802s]   /home/rivalits/Documents/res/erc_remote/src/remote2025_camera/package.xml
[0.802s]   /home/rivalits/Documents/res/erc_remote/build/remote2025_camera/ament_cmake_core/package.cmake)
[0.802s]   returned error code 1
[0.802s] Call Stack (most recent call first):
[0.802s]   /opt/ros/humble/share/ament_cmake_core/cmake/core/ament_package_xml.cmake:49 (_ament_package_xml)
[0.802s]   /opt/ros/humble/share/ament_lint_auto/cmake/ament_lint_auto_find_test_dependencies.cmake:31 (ament_package_xml)
[0.802s]   CMakeLists.txt:23 (ament_lint_auto_find_test_dependencies)
[0.802s] 
[0.802s] [0m
[0.804s] Invoked command in '/home/rivalits/Documents/res/erc_remote/build/remote2025_camera' returned '1': /usr/bin/cmake /home/rivalits/Documents/res/erc_remote/src/remote2025_camera -DCMAKE_INSTALL_PREFIX=/home/rivalits/Documents/res/erc_remote/install/remote2025_camera
