[0.009s] Invoking command in '/home/rivalits/Documents/res/erc_remote/build/remote2025_messages': CMAKE_PREFIX_PATH=/opt/ros/humble /usr/bin/cmake --build /home/rivalits/Documents/res/erc_remote/build/remote2025_messages -- -j12 -l12
[0.062s] [  3%] Built target detect_messages__cpp
[0.063s] [ 12%] Built target detect_messages__rosidl_generator_c
[0.072s] [ 12%] Built target ament_cmake_python_copy_remote2025_messages
[0.088s] [ 32%] Built target detect_messages__rosidl_typesupport_introspection_c
[0.088s] [ 32%] Built target detect_messages__rosidl_typesupport_fastrtps_cpp
[0.092s] [ 41%] Built target detect_messages__rosidl_typesupport_c
[0.093s] [ 64%] Built target detect_messages__rosidl_typesupport_cpp
[0.093s] [ 67%] Built target detect_messages__rosidl_typesupport_introspection_cpp
[0.093s] [ 70%] Built target detect_messages__rosidl_typesupport_fastrtps_c
[0.120s] [ 70%] Built target detect_messages
[0.149s] [ 74%] Built target detect_messages__py
[0.177s] [ 80%] Built target detect_messages__rosidl_generator_py
[0.204s] [ 87%] Built target remote2025_messages__rosidl_typesupport_c__pyext
[0.207s] [ 93%] Built target remote2025_messages__rosidl_typesupport_fastrtps_c__pyext
[0.209s] [100%] Built target remote2025_messages__rosidl_typesupport_introspection_c__pyext
[0.314s] running egg_info
[0.315s] writing remote2025_messages.egg-info/PKG-INFO
[0.315s] writing dependency_links to remote2025_messages.egg-info/dependency_links.txt
[0.315s] writing top-level names to remote2025_messages.egg-info/top_level.txt
[0.317s] reading manifest file 'remote2025_messages.egg-info/SOURCES.txt'
[0.318s] writing manifest file 'remote2025_messages.egg-info/SOURCES.txt'
[0.343s] [100%] Built target ament_cmake_python_build_remote2025_messages_egg
[0.353s] Invoked command in '/home/rivalits/Documents/res/erc_remote/build/remote2025_messages' returned '0': CMAKE_PREFIX_PATH=/opt/ros/humble /usr/bin/cmake --build /home/rivalits/Documents/res/erc_remote/build/remote2025_messages -- -j12 -l12
[0.362s] Invoking command in '/home/rivalits/Documents/res/erc_remote/build/remote2025_messages': CMAKE_PREFIX_PATH=/opt/ros/humble /usr/bin/cmake --install /home/rivalits/Documents/res/erc_remote/build/remote2025_messages
[0.368s] -- Install configuration: ""
[0.368s] -- Up-to-date: /home/rivalits/Documents/res/erc_remote/install/remote2025_messages/share/ament_index/resource_index/rosidl_interfaces/remote2025_messages
[0.369s] -- Up-to-date: /home/rivalits/Documents/res/erc_remote/install/remote2025_messages/include/remote2025_messages/remote2025_messages
[0.369s] -- Up-to-date: /home/rivalits/Documents/res/erc_remote/install/remote2025_messages/include/remote2025_messages/remote2025_messages/msg
[0.369s] -- Up-to-date: /home/rivalits/Documents/res/erc_remote/install/remote2025_messages/include/remote2025_messages/remote2025_messages/msg/read_led.h
[0.369s] -- Up-to-date: /home/rivalits/Documents/res/erc_remote/install/remote2025_messages/include/remote2025_messages/remote2025_messages/msg/rosidl_generator_c__visibility_control.h
[0.369s] -- Up-to-date: /home/rivalits/Documents/res/erc_remote/install/remote2025_messages/include/remote2025_messages/remote2025_messages/msg/detail
[0.369s] -- Up-to-date: /home/rivalits/Documents/res/erc_remote/install/remote2025_messages/include/remote2025_messages/remote2025_messages/msg/detail/read_led__functions.c
[0.369s] -- Up-to-date: /home/rivalits/Documents/res/erc_remote/install/remote2025_messages/include/remote2025_messages/remote2025_messages/msg/detail/read_led__functions.h
[0.370s] -- Up-to-date: /home/rivalits/Documents/res/erc_remote/install/remote2025_messages/include/remote2025_messages/remote2025_messages/msg/detail/read_led__struct.h
[0.370s] -- Up-to-date: /home/rivalits/Documents/res/erc_remote/install/remote2025_messages/include/remote2025_messages/remote2025_messages/msg/detail/read_led__type_support.h
[0.370s] -- Up-to-date: /home/rivalits/Documents/res/erc_remote/install/remote2025_messages/share/remote2025_messages/environment/library_path.sh
[0.370s] -- Up-to-date: /home/rivalits/Documents/res/erc_remote/install/remote2025_messages/share/remote2025_messages/environment/library_path.dsv
[0.370s] -- Up-to-date: /home/rivalits/Documents/res/erc_remote/install/remote2025_messages/lib/libdetect_messages__rosidl_generator_c.so
[0.370s] -- Up-to-date: /home/rivalits/Documents/res/erc_remote/install/remote2025_messages/include/remote2025_messages/remote2025_messages
[0.370s] -- Up-to-date: /home/rivalits/Documents/res/erc_remote/install/remote2025_messages/include/remote2025_messages/remote2025_messages/msg
[0.371s] -- Up-to-date: /home/rivalits/Documents/res/erc_remote/install/remote2025_messages/include/remote2025_messages/remote2025_messages/msg/rosidl_typesupport_fastrtps_c__visibility_control.h
[0.371s] -- Up-to-date: /home/rivalits/Documents/res/erc_remote/install/remote2025_messages/include/remote2025_messages/remote2025_messages/msg/detail
[0.371s] -- Up-to-date: /home/rivalits/Documents/res/erc_remote/install/remote2025_messages/include/remote2025_messages/remote2025_messages/msg/detail/read_led__rosidl_typesupport_fastrtps_c.h
[0.371s] -- Up-to-date: /home/rivalits/Documents/res/erc_remote/install/remote2025_messages/lib/libdetect_messages__rosidl_typesupport_fastrtps_c.so
[0.371s] -- Up-to-date: /home/rivalits/Documents/res/erc_remote/install/remote2025_messages/include/remote2025_messages/remote2025_messages
[0.371s] -- Up-to-date: /home/rivalits/Documents/res/erc_remote/install/remote2025_messages/include/remote2025_messages/remote2025_messages/msg
[0.371s] -- Up-to-date: /home/rivalits/Documents/res/erc_remote/install/remote2025_messages/include/remote2025_messages/remote2025_messages/msg/read_led.hpp
[0.371s] -- Up-to-date: /home/rivalits/Documents/res/erc_remote/install/remote2025_messages/include/remote2025_messages/remote2025_messages/msg/rosidl_generator_cpp__visibility_control.hpp
[0.371s] -- Up-to-date: /home/rivalits/Documents/res/erc_remote/install/remote2025_messages/include/remote2025_messages/remote2025_messages/msg/detail
[0.371s] -- Up-to-date: /home/rivalits/Documents/res/erc_remote/install/remote2025_messages/include/remote2025_messages/remote2025_messages/msg/detail/read_led__struct.hpp
[0.372s] -- Up-to-date: /home/rivalits/Documents/res/erc_remote/install/remote2025_messages/include/remote2025_messages/remote2025_messages/msg/detail/read_led__type_support.hpp
[0.372s] -- Up-to-date: /home/rivalits/Documents/res/erc_remote/install/remote2025_messages/include/remote2025_messages/remote2025_messages/msg/detail/read_led__traits.hpp
[0.372s] -- Up-to-date: /home/rivalits/Documents/res/erc_remote/install/remote2025_messages/include/remote2025_messages/remote2025_messages/msg/detail/read_led__builder.hpp
[0.372s] -- Up-to-date: /home/rivalits/Documents/res/erc_remote/install/remote2025_messages/include/remote2025_messages/remote2025_messages
[0.372s] -- Up-to-date: /home/rivalits/Documents/res/erc_remote/install/remote2025_messages/include/remote2025_messages/remote2025_messages/msg
[0.372s] -- Up-to-date: /home/rivalits/Documents/res/erc_remote/install/remote2025_messages/include/remote2025_messages/remote2025_messages/msg/rosidl_typesupport_fastrtps_cpp__visibility_control.h
[0.372s] -- Up-to-date: /home/rivalits/Documents/res/erc_remote/install/remote2025_messages/include/remote2025_messages/remote2025_messages/msg/detail
[0.372s] -- Up-to-date: /home/rivalits/Documents/res/erc_remote/install/remote2025_messages/include/remote2025_messages/remote2025_messages/msg/detail/read_led__rosidl_typesupport_fastrtps_cpp.hpp
[0.372s] -- Up-to-date: /home/rivalits/Documents/res/erc_remote/install/remote2025_messages/include/remote2025_messages/remote2025_messages/msg/detail/dds_fastrtps
[0.372s] -- Up-to-date: /home/rivalits/Documents/res/erc_remote/install/remote2025_messages/lib/libdetect_messages__rosidl_typesupport_fastrtps_cpp.so
[0.373s] -- Up-to-date: /home/rivalits/Documents/res/erc_remote/install/remote2025_messages/include/remote2025_messages/remote2025_messages
[0.373s] -- Up-to-date: /home/rivalits/Documents/res/erc_remote/install/remote2025_messages/include/remote2025_messages/remote2025_messages/msg
[0.373s] -- Up-to-date: /home/rivalits/Documents/res/erc_remote/install/remote2025_messages/include/remote2025_messages/remote2025_messages/msg/rosidl_typesupport_introspection_c__visibility_control.h
[0.373s] -- Up-to-date: /home/rivalits/Documents/res/erc_remote/install/remote2025_messages/include/remote2025_messages/remote2025_messages/msg/detail
[0.373s] -- Up-to-date: /home/rivalits/Documents/res/erc_remote/install/remote2025_messages/include/remote2025_messages/remote2025_messages/msg/detail/read_led__type_support.c
[0.373s] -- Up-to-date: /home/rivalits/Documents/res/erc_remote/install/remote2025_messages/include/remote2025_messages/remote2025_messages/msg/detail/read_led__rosidl_typesupport_introspection_c.h
[0.373s] -- Up-to-date: /home/rivalits/Documents/res/erc_remote/install/remote2025_messages/lib/libdetect_messages__rosidl_typesupport_introspection_c.so
[0.373s] -- Up-to-date: /home/rivalits/Documents/res/erc_remote/install/remote2025_messages/lib/libdetect_messages__rosidl_typesupport_c.so
[0.373s] -- Up-to-date: /home/rivalits/Documents/res/erc_remote/install/remote2025_messages/include/remote2025_messages/remote2025_messages
[0.373s] -- Up-to-date: /home/rivalits/Documents/res/erc_remote/install/remote2025_messages/include/remote2025_messages/remote2025_messages/msg
[0.373s] -- Up-to-date: /home/rivalits/Documents/res/erc_remote/install/remote2025_messages/include/remote2025_messages/remote2025_messages/msg/detail
[0.374s] -- Up-to-date: /home/rivalits/Documents/res/erc_remote/install/remote2025_messages/include/remote2025_messages/remote2025_messages/msg/detail/read_led__type_support.cpp
[0.374s] -- Up-to-date: /home/rivalits/Documents/res/erc_remote/install/remote2025_messages/include/remote2025_messages/remote2025_messages/msg/detail/read_led__rosidl_typesupport_introspection_cpp.hpp
[0.374s] -- Up-to-date: /home/rivalits/Documents/res/erc_remote/install/remote2025_messages/lib/libdetect_messages__rosidl_typesupport_introspection_cpp.so
[0.374s] -- Up-to-date: /home/rivalits/Documents/res/erc_remote/install/remote2025_messages/lib/libdetect_messages__rosidl_typesupport_cpp.so
[0.374s] -- Up-to-date: /home/rivalits/Documents/res/erc_remote/install/remote2025_messages/share/remote2025_messages/environment/pythonpath.sh
[0.374s] -- Up-to-date: /home/rivalits/Documents/res/erc_remote/install/remote2025_messages/share/remote2025_messages/environment/pythonpath.dsv
[0.374s] -- Up-to-date: /home/rivalits/Documents/res/erc_remote/install/remote2025_messages/local/lib/python3.10/dist-packages/remote2025_messages-0.0.0-py3.10.egg-info
[0.374s] -- Installing: /home/rivalits/Documents/res/erc_remote/install/remote2025_messages/local/lib/python3.10/dist-packages/remote2025_messages-0.0.0-py3.10.egg-info/dependency_links.txt
[0.374s] -- Installing: /home/rivalits/Documents/res/erc_remote/install/remote2025_messages/local/lib/python3.10/dist-packages/remote2025_messages-0.0.0-py3.10.egg-info/top_level.txt
[0.374s] -- Installing: /home/rivalits/Documents/res/erc_remote/install/remote2025_messages/local/lib/python3.10/dist-packages/remote2025_messages-0.0.0-py3.10.egg-info/PKG-INFO
[0.374s] -- Installing: /home/rivalits/Documents/res/erc_remote/install/remote2025_messages/local/lib/python3.10/dist-packages/remote2025_messages-0.0.0-py3.10.egg-info/SOURCES.txt
[0.374s] -- Up-to-date: /home/rivalits/Documents/res/erc_remote/install/remote2025_messages/local/lib/python3.10/dist-packages/remote2025_messages
[0.375s] -- Up-to-date: /home/rivalits/Documents/res/erc_remote/install/remote2025_messages/local/lib/python3.10/dist-packages/remote2025_messages/remote2025_messages_s__rosidl_typesupport_c.cpython-310-x86_64-linux-gnu.so
[0.375s] -- Up-to-date: /home/rivalits/Documents/res/erc_remote/install/remote2025_messages/local/lib/python3.10/dist-packages/remote2025_messages/_remote2025_messages_s.ep.rosidl_typesupport_introspection_c.c
[0.375s] -- Up-to-date: /home/rivalits/Documents/res/erc_remote/install/remote2025_messages/local/lib/python3.10/dist-packages/remote2025_messages/_remote2025_messages_s.ep.rosidl_typesupport_c.c
[0.375s] -- Up-to-date: /home/rivalits/Documents/res/erc_remote/install/remote2025_messages/local/lib/python3.10/dist-packages/remote2025_messages/_remote2025_messages_s.ep.rosidl_typesupport_fastrtps_c.c
[0.375s] -- Up-to-date: /home/rivalits/Documents/res/erc_remote/install/remote2025_messages/local/lib/python3.10/dist-packages/remote2025_messages/__init__.py
[0.375s] -- Up-to-date: /home/rivalits/Documents/res/erc_remote/install/remote2025_messages/local/lib/python3.10/dist-packages/remote2025_messages/remote2025_messages_s__rosidl_typesupport_fastrtps_c.cpython-310-x86_64-linux-gnu.so
[0.375s] -- Up-to-date: /home/rivalits/Documents/res/erc_remote/install/remote2025_messages/local/lib/python3.10/dist-packages/remote2025_messages/msg
[0.375s] -- Up-to-date: /home/rivalits/Documents/res/erc_remote/install/remote2025_messages/local/lib/python3.10/dist-packages/remote2025_messages/msg/__init__.py
[0.375s] -- Up-to-date: /home/rivalits/Documents/res/erc_remote/install/remote2025_messages/local/lib/python3.10/dist-packages/remote2025_messages/msg/_read_led_s.c
[0.375s] -- Up-to-date: /home/rivalits/Documents/res/erc_remote/install/remote2025_messages/local/lib/python3.10/dist-packages/remote2025_messages/msg/_read_led.py
[0.376s] -- Up-to-date: /home/rivalits/Documents/res/erc_remote/install/remote2025_messages/local/lib/python3.10/dist-packages/remote2025_messages/libdetect_messages__rosidl_generator_py.so
[0.376s] -- Up-to-date: /home/rivalits/Documents/res/erc_remote/install/remote2025_messages/local/lib/python3.10/dist-packages/remote2025_messages/remote2025_messages_s__rosidl_typesupport_introspection_c.cpython-310-x86_64-linux-gnu.so
[0.396s] Listing '/home/rivalits/Documents/res/erc_remote/install/remote2025_messages/local/lib/python3.10/dist-packages/remote2025_messages'...
[0.396s] Listing '/home/rivalits/Documents/res/erc_remote/install/remote2025_messages/local/lib/python3.10/dist-packages/remote2025_messages/msg'...
[0.400s] -- Up-to-date: /home/rivalits/Documents/res/erc_remote/install/remote2025_messages/local/lib/python3.10/dist-packages/remote2025_messages/remote2025_messages_s__rosidl_typesupport_fastrtps_c.cpython-310-x86_64-linux-gnu.so
[0.400s] -- Up-to-date: /home/rivalits/Documents/res/erc_remote/install/remote2025_messages/local/lib/python3.10/dist-packages/remote2025_messages/remote2025_messages_s__rosidl_typesupport_introspection_c.cpython-310-x86_64-linux-gnu.so
[0.401s] -- Up-to-date: /home/rivalits/Documents/res/erc_remote/install/remote2025_messages/local/lib/python3.10/dist-packages/remote2025_messages/remote2025_messages_s__rosidl_typesupport_c.cpython-310-x86_64-linux-gnu.so
[0.401s] -- Up-to-date: /home/rivalits/Documents/res/erc_remote/install/remote2025_messages/lib/libdetect_messages__rosidl_generator_py.so
[0.401s] -- Up-to-date: /home/rivalits/Documents/res/erc_remote/install/remote2025_messages/share/remote2025_messages/msg/ReadLed.idl
[0.401s] -- Up-to-date: /home/rivalits/Documents/res/erc_remote/install/remote2025_messages/share/remote2025_messages/msg/ReadLed.msg
[0.402s] -- Up-to-date: /home/rivalits/Documents/res/erc_remote/install/remote2025_messages/share/ament_index/resource_index/package_run_dependencies/remote2025_messages
[0.402s] -- Up-to-date: /home/rivalits/Documents/res/erc_remote/install/remote2025_messages/share/ament_index/resource_index/parent_prefix_path/remote2025_messages
[0.402s] -- Up-to-date: /home/rivalits/Documents/res/erc_remote/install/remote2025_messages/share/remote2025_messages/environment/ament_prefix_path.sh
[0.402s] -- Up-to-date: /home/rivalits/Documents/res/erc_remote/install/remote2025_messages/share/remote2025_messages/environment/ament_prefix_path.dsv
[0.402s] -- Up-to-date: /home/rivalits/Documents/res/erc_remote/install/remote2025_messages/share/remote2025_messages/environment/path.sh
[0.402s] -- Up-to-date: /home/rivalits/Documents/res/erc_remote/install/remote2025_messages/share/remote2025_messages/environment/path.dsv
[0.402s] -- Up-to-date: /home/rivalits/Documents/res/erc_remote/install/remote2025_messages/share/remote2025_messages/local_setup.bash
[0.402s] -- Up-to-date: /home/rivalits/Documents/res/erc_remote/install/remote2025_messages/share/remote2025_messages/local_setup.sh
[0.403s] -- Up-to-date: /home/rivalits/Documents/res/erc_remote/install/remote2025_messages/share/remote2025_messages/local_setup.zsh
[0.403s] -- Up-to-date: /home/rivalits/Documents/res/erc_remote/install/remote2025_messages/share/remote2025_messages/local_setup.dsv
[0.403s] -- Up-to-date: /home/rivalits/Documents/res/erc_remote/install/remote2025_messages/share/remote2025_messages/package.dsv
[0.403s] -- Up-to-date: /home/rivalits/Documents/res/erc_remote/install/remote2025_messages/share/ament_index/resource_index/packages/remote2025_messages
[0.403s] -- Up-to-date: /home/rivalits/Documents/res/erc_remote/install/remote2025_messages/share/remote2025_messages/cmake/export_detect_messages__rosidl_generator_cExport.cmake
[0.403s] -- Up-to-date: /home/rivalits/Documents/res/erc_remote/install/remote2025_messages/share/remote2025_messages/cmake/export_detect_messages__rosidl_generator_cExport-noconfig.cmake
[0.404s] -- Up-to-date: /home/rivalits/Documents/res/erc_remote/install/remote2025_messages/share/remote2025_messages/cmake/export_detect_messages__rosidl_typesupport_fastrtps_cExport.cmake
[0.405s] -- Up-to-date: /home/rivalits/Documents/res/erc_remote/install/remote2025_messages/share/remote2025_messages/cmake/export_detect_messages__rosidl_typesupport_fastrtps_cExport-noconfig.cmake
[0.405s] -- Up-to-date: /home/rivalits/Documents/res/erc_remote/install/remote2025_messages/share/remote2025_messages/cmake/export_detect_messages__rosidl_generator_cppExport.cmake
[0.405s] -- Up-to-date: /home/rivalits/Documents/res/erc_remote/install/remote2025_messages/share/remote2025_messages/cmake/export_detect_messages__rosidl_typesupport_fastrtps_cppExport.cmake
[0.406s] -- Up-to-date: /home/rivalits/Documents/res/erc_remote/install/remote2025_messages/share/remote2025_messages/cmake/export_detect_messages__rosidl_typesupport_fastrtps_cppExport-noconfig.cmake
[0.406s] -- Up-to-date: /home/rivalits/Documents/res/erc_remote/install/remote2025_messages/share/remote2025_messages/cmake/detect_messages__rosidl_typesupport_introspection_cExport.cmake
[0.406s] -- Up-to-date: /home/rivalits/Documents/res/erc_remote/install/remote2025_messages/share/remote2025_messages/cmake/detect_messages__rosidl_typesupport_introspection_cExport-noconfig.cmake
[0.407s] -- Up-to-date: /home/rivalits/Documents/res/erc_remote/install/remote2025_messages/share/remote2025_messages/cmake/detect_messages__rosidl_typesupport_cExport.cmake
[0.407s] -- Up-to-date: /home/rivalits/Documents/res/erc_remote/install/remote2025_messages/share/remote2025_messages/cmake/detect_messages__rosidl_typesupport_cExport-noconfig.cmake
[0.407s] -- Up-to-date: /home/rivalits/Documents/res/erc_remote/install/remote2025_messages/share/remote2025_messages/cmake/detect_messages__rosidl_typesupport_introspection_cppExport.cmake
[0.407s] -- Up-to-date: /home/rivalits/Documents/res/erc_remote/install/remote2025_messages/share/remote2025_messages/cmake/detect_messages__rosidl_typesupport_introspection_cppExport-noconfig.cmake
[0.408s] -- Up-to-date: /home/rivalits/Documents/res/erc_remote/install/remote2025_messages/share/remote2025_messages/cmake/detect_messages__rosidl_typesupport_cppExport.cmake
[0.408s] -- Up-to-date: /home/rivalits/Documents/res/erc_remote/install/remote2025_messages/share/remote2025_messages/cmake/detect_messages__rosidl_typesupport_cppExport-noconfig.cmake
[0.408s] -- Up-to-date: /home/rivalits/Documents/res/erc_remote/install/remote2025_messages/share/remote2025_messages/cmake/export_detect_messages__rosidl_generator_pyExport.cmake
[0.408s] -- Up-to-date: /home/rivalits/Documents/res/erc_remote/install/remote2025_messages/share/remote2025_messages/cmake/export_detect_messages__rosidl_generator_pyExport-noconfig.cmake
[0.409s] -- Up-to-date: /home/rivalits/Documents/res/erc_remote/install/remote2025_messages/share/remote2025_messages/cmake/rosidl_cmake-extras.cmake
[0.409s] -- Up-to-date: /home/rivalits/Documents/res/erc_remote/install/remote2025_messages/share/remote2025_messages/cmake/ament_cmake_export_include_directories-extras.cmake
[0.409s] -- Up-to-date: /home/rivalits/Documents/res/erc_remote/install/remote2025_messages/share/remote2025_messages/cmake/ament_cmake_export_libraries-extras.cmake
[0.409s] -- Up-to-date: /home/rivalits/Documents/res/erc_remote/install/remote2025_messages/share/remote2025_messages/cmake/ament_cmake_export_targets-extras.cmake
[0.410s] -- Up-to-date: /home/rivalits/Documents/res/erc_remote/install/remote2025_messages/share/remote2025_messages/cmake/rosidl_cmake_export_typesupport_targets-extras.cmake
[0.410s] -- Up-to-date: /home/rivalits/Documents/res/erc_remote/install/remote2025_messages/share/remote2025_messages/cmake/ament_cmake_export_dependencies-extras.cmake
[0.410s] -- Up-to-date: /home/rivalits/Documents/res/erc_remote/install/remote2025_messages/share/remote2025_messages/cmake/rosidl_cmake_export_typesupport_libraries-extras.cmake
[0.411s] -- Up-to-date: /home/rivalits/Documents/res/erc_remote/install/remote2025_messages/share/remote2025_messages/cmake/remote2025_messagesConfig.cmake
[0.411s] -- Up-to-date: /home/rivalits/Documents/res/erc_remote/install/remote2025_messages/share/remote2025_messages/cmake/remote2025_messagesConfig-version.cmake
[0.412s] -- Up-to-date: /home/rivalits/Documents/res/erc_remote/install/remote2025_messages/share/remote2025_messages/package.xml
[0.412s] Invoked command in '/home/rivalits/Documents/res/erc_remote/build/remote2025_messages' returned '0': CMAKE_PREFIX_PATH=/opt/ros/humble /usr/bin/cmake --install /home/rivalits/Documents/res/erc_remote/build/remote2025_messages
