[0.010s] Invoking command in '/home/rivalits/Documents/res/erc_remote/build/remote2025_messages': CMAKE_PREFIX_PATH=/opt/ros/humble /usr/bin/cmake --build /home/rivalits/Documents/res/erc_remote/build/remote2025_messages -- -j12 -l12
[0.056s] [35m[1mConsolidate compiler generated dependencies of target detect_messages__rosidl_generator_c[0m
[0.066s] [  3%] Built target detect_messages__cpp
[0.072s] [ 12%] Built target detect_messages__rosidl_generator_c
[0.076s] [ 12%] Built target ament_cmake_python_copy_remote2025_messages
[0.076s] [35m[1mConsolidate compiler generated dependencies of target detect_messages__rosidl_typesupport_introspection_cpp[0m
[0.080s] [35m[1mConsolidate compiler generated dependencies of target detect_messages__rosidl_typesupport_fastrtps_cpp[0m
[0.080s] [35m[1mConsolidate compiler generated dependencies of target detect_messages__rosidl_typesupport_cpp[0m
[0.083s] [35m[1mConsolidate compiler generated dependencies of target detect_messages__rosidl_typesupport_c[0m
[0.086s] [35m[1mConsolidate compiler generated dependencies of target detect_messages__rosidl_typesupport_introspection_c[0m
[0.086s] [35m[1mConsolidate compiler generated dependencies of target detect_messages__rosidl_typesupport_fastrtps_c[0m
[0.094s] [ 22%] Built target detect_messages__rosidl_typesupport_introspection_cpp
[0.097s] [ 32%] Built target detect_messages__rosidl_typesupport_introspection_c
[0.099s] [ 41%] Built target detect_messages__rosidl_typesupport_c
[0.100s] [ 51%] Built target detect_messages__rosidl_typesupport_cpp
[0.100s] [ 61%] Built target detect_messages__rosidl_typesupport_fastrtps_cpp
[0.104s] [ 70%] Built target detect_messages__rosidl_typesupport_fastrtps_c
[0.130s] [ 70%] Built target detect_messages
[0.153s] [ 74%] Built target detect_messages__py
[0.166s] [35m[1mConsolidate compiler generated dependencies of target detect_messages__rosidl_generator_py[0m
[0.181s] [ 80%] Built target detect_messages__rosidl_generator_py
[0.194s] [35m[1mConsolidate compiler generated dependencies of target remote2025_messages__rosidl_typesupport_fastrtps_c__pyext[0m
[0.195s] [35m[1mConsolidate compiler generated dependencies of target remote2025_messages__rosidl_typesupport_introspection_c__pyext[0m
[0.195s] [35m[1mConsolidate compiler generated dependencies of target remote2025_messages__rosidl_typesupport_c__pyext[0m
[0.212s] [ 87%] Built target remote2025_messages__rosidl_typesupport_c__pyext
[0.213s] [ 93%] Built target remote2025_messages__rosidl_typesupport_fastrtps_c__pyext
[0.216s] [100%] Built target remote2025_messages__rosidl_typesupport_introspection_c__pyext
[0.308s] running egg_info
[0.308s] writing remote2025_messages.egg-info/PKG-INFO
[0.308s] writing dependency_links to remote2025_messages.egg-info/dependency_links.txt
[0.309s] writing top-level names to remote2025_messages.egg-info/top_level.txt
[0.310s] reading manifest file 'remote2025_messages.egg-info/SOURCES.txt'
[0.311s] writing manifest file 'remote2025_messages.egg-info/SOURCES.txt'
[0.336s] [100%] Built target ament_cmake_python_build_remote2025_messages_egg
[0.348s] Invoked command in '/home/rivalits/Documents/res/erc_remote/build/remote2025_messages' returned '0': CMAKE_PREFIX_PATH=/opt/ros/humble /usr/bin/cmake --build /home/rivalits/Documents/res/erc_remote/build/remote2025_messages -- -j12 -l12
[0.359s] Invoking command in '/home/rivalits/Documents/res/erc_remote/build/remote2025_messages': CMAKE_PREFIX_PATH=/opt/ros/humble /usr/bin/cmake --install /home/rivalits/Documents/res/erc_remote/build/remote2025_messages
[0.368s] -- Install configuration: ""
[0.369s] -- Installing: /home/rivalits/Documents/res/erc_remote/install/remote2025_messages/share/ament_index/resource_index/rosidl_interfaces/remote2025_messages
[0.369s] -- Installing: /home/rivalits/Documents/res/erc_remote/install/remote2025_messages/include/remote2025_messages/remote2025_messages
[0.369s] -- Installing: /home/rivalits/Documents/res/erc_remote/install/remote2025_messages/include/remote2025_messages/remote2025_messages/msg
[0.370s] -- Installing: /home/rivalits/Documents/res/erc_remote/install/remote2025_messages/include/remote2025_messages/remote2025_messages/msg/read_led.h
[0.370s] -- Installing: /home/rivalits/Documents/res/erc_remote/install/remote2025_messages/include/remote2025_messages/remote2025_messages/msg/rosidl_generator_c__visibility_control.h
[0.370s] -- Installing: /home/rivalits/Documents/res/erc_remote/install/remote2025_messages/include/remote2025_messages/remote2025_messages/msg/detail
[0.370s] -- Installing: /home/rivalits/Documents/res/erc_remote/install/remote2025_messages/include/remote2025_messages/remote2025_messages/msg/detail/read_led__functions.c
[0.370s] -- Installing: /home/rivalits/Documents/res/erc_remote/install/remote2025_messages/include/remote2025_messages/remote2025_messages/msg/detail/read_led__functions.h
[0.370s] -- Installing: /home/rivalits/Documents/res/erc_remote/install/remote2025_messages/include/remote2025_messages/remote2025_messages/msg/detail/read_led__struct.h
[0.370s] -- Installing: /home/rivalits/Documents/res/erc_remote/install/remote2025_messages/include/remote2025_messages/remote2025_messages/msg/detail/read_led__type_support.h
[0.370s] -- Installing: /home/rivalits/Documents/res/erc_remote/install/remote2025_messages/share/remote2025_messages/environment/library_path.sh
[0.371s] -- Installing: /home/rivalits/Documents/res/erc_remote/install/remote2025_messages/share/remote2025_messages/environment/library_path.dsv
[0.371s] -- Installing: /home/rivalits/Documents/res/erc_remote/install/remote2025_messages/lib/libdetect_messages__rosidl_generator_c.so
[0.371s] -- Set runtime path of "/home/rivalits/Documents/res/erc_remote/install/remote2025_messages/lib/libdetect_messages__rosidl_generator_c.so" to ""
[0.371s] -- Up-to-date: /home/rivalits/Documents/res/erc_remote/install/remote2025_messages/include/remote2025_messages/remote2025_messages
[0.371s] -- Up-to-date: /home/rivalits/Documents/res/erc_remote/install/remote2025_messages/include/remote2025_messages/remote2025_messages/msg
[0.371s] -- Installing: /home/rivalits/Documents/res/erc_remote/install/remote2025_messages/include/remote2025_messages/remote2025_messages/msg/rosidl_typesupport_fastrtps_c__visibility_control.h
[0.372s] -- Up-to-date: /home/rivalits/Documents/res/erc_remote/install/remote2025_messages/include/remote2025_messages/remote2025_messages/msg/detail
[0.372s] -- Installing: /home/rivalits/Documents/res/erc_remote/install/remote2025_messages/include/remote2025_messages/remote2025_messages/msg/detail/read_led__rosidl_typesupport_fastrtps_c.h
[0.372s] -- Installing: /home/rivalits/Documents/res/erc_remote/install/remote2025_messages/lib/libdetect_messages__rosidl_typesupport_fastrtps_c.so
[0.372s] -- Set runtime path of "/home/rivalits/Documents/res/erc_remote/install/remote2025_messages/lib/libdetect_messages__rosidl_typesupport_fastrtps_c.so" to ""
[0.372s] -- Up-to-date: /home/rivalits/Documents/res/erc_remote/install/remote2025_messages/include/remote2025_messages/remote2025_messages
[0.372s] -- Up-to-date: /home/rivalits/Documents/res/erc_remote/install/remote2025_messages/include/remote2025_messages/remote2025_messages/msg
[0.372s] -- Installing: /home/rivalits/Documents/res/erc_remote/install/remote2025_messages/include/remote2025_messages/remote2025_messages/msg/read_led.hpp
[0.373s] -- Installing: /home/rivalits/Documents/res/erc_remote/install/remote2025_messages/include/remote2025_messages/remote2025_messages/msg/rosidl_generator_cpp__visibility_control.hpp
[0.373s] -- Up-to-date: /home/rivalits/Documents/res/erc_remote/install/remote2025_messages/include/remote2025_messages/remote2025_messages/msg/detail
[0.373s] -- Installing: /home/rivalits/Documents/res/erc_remote/install/remote2025_messages/include/remote2025_messages/remote2025_messages/msg/detail/read_led__struct.hpp
[0.373s] -- Installing: /home/rivalits/Documents/res/erc_remote/install/remote2025_messages/include/remote2025_messages/remote2025_messages/msg/detail/read_led__type_support.hpp
[0.374s] -- Installing: /home/rivalits/Documents/res/erc_remote/install/remote2025_messages/include/remote2025_messages/remote2025_messages/msg/detail/read_led__traits.hpp
[0.374s] -- Installing: /home/rivalits/Documents/res/erc_remote/install/remote2025_messages/include/remote2025_messages/remote2025_messages/msg/detail/read_led__builder.hpp
[0.374s] -- Up-to-date: /home/rivalits/Documents/res/erc_remote/install/remote2025_messages/include/remote2025_messages/remote2025_messages
[0.374s] -- Up-to-date: /home/rivalits/Documents/res/erc_remote/install/remote2025_messages/include/remote2025_messages/remote2025_messages/msg
[0.374s] -- Installing: /home/rivalits/Documents/res/erc_remote/install/remote2025_messages/include/remote2025_messages/remote2025_messages/msg/rosidl_typesupport_fastrtps_cpp__visibility_control.h
[0.374s] -- Up-to-date: /home/rivalits/Documents/res/erc_remote/install/remote2025_messages/include/remote2025_messages/remote2025_messages/msg/detail
[0.374s] -- Installing: /home/rivalits/Documents/res/erc_remote/install/remote2025_messages/include/remote2025_messages/remote2025_messages/msg/detail/read_led__rosidl_typesupport_fastrtps_cpp.hpp
[0.374s] -- Installing: /home/rivalits/Documents/res/erc_remote/install/remote2025_messages/include/remote2025_messages/remote2025_messages/msg/detail/dds_fastrtps
[0.374s] -- Installing: /home/rivalits/Documents/res/erc_remote/install/remote2025_messages/lib/libdetect_messages__rosidl_typesupport_fastrtps_cpp.so
[0.374s] -- Set runtime path of "/home/rivalits/Documents/res/erc_remote/install/remote2025_messages/lib/libdetect_messages__rosidl_typesupport_fastrtps_cpp.so" to ""
[0.374s] -- Up-to-date: /home/rivalits/Documents/res/erc_remote/install/remote2025_messages/include/remote2025_messages/remote2025_messages
[0.374s] -- Up-to-date: /home/rivalits/Documents/res/erc_remote/install/remote2025_messages/include/remote2025_messages/remote2025_messages/msg
[0.375s] -- Installing: /home/rivalits/Documents/res/erc_remote/install/remote2025_messages/include/remote2025_messages/remote2025_messages/msg/rosidl_typesupport_introspection_c__visibility_control.h
[0.375s] -- Up-to-date: /home/rivalits/Documents/res/erc_remote/install/remote2025_messages/include/remote2025_messages/remote2025_messages/msg/detail
[0.375s] -- Installing: /home/rivalits/Documents/res/erc_remote/install/remote2025_messages/include/remote2025_messages/remote2025_messages/msg/detail/read_led__type_support.c
[0.375s] -- Installing: /home/rivalits/Documents/res/erc_remote/install/remote2025_messages/include/remote2025_messages/remote2025_messages/msg/detail/read_led__rosidl_typesupport_introspection_c.h
[0.375s] -- Installing: /home/rivalits/Documents/res/erc_remote/install/remote2025_messages/lib/libdetect_messages__rosidl_typesupport_introspection_c.so
[0.375s] -- Set runtime path of "/home/rivalits/Documents/res/erc_remote/install/remote2025_messages/lib/libdetect_messages__rosidl_typesupport_introspection_c.so" to ""
[0.375s] -- Installing: /home/rivalits/Documents/res/erc_remote/install/remote2025_messages/lib/libdetect_messages__rosidl_typesupport_c.so
[0.376s] -- Set runtime path of "/home/rivalits/Documents/res/erc_remote/install/remote2025_messages/lib/libdetect_messages__rosidl_typesupport_c.so" to ""
[0.376s] -- Up-to-date: /home/rivalits/Documents/res/erc_remote/install/remote2025_messages/include/remote2025_messages/remote2025_messages
[0.376s] -- Up-to-date: /home/rivalits/Documents/res/erc_remote/install/remote2025_messages/include/remote2025_messages/remote2025_messages/msg
[0.376s] -- Up-to-date: /home/rivalits/Documents/res/erc_remote/install/remote2025_messages/include/remote2025_messages/remote2025_messages/msg/detail
[0.376s] -- Installing: /home/rivalits/Documents/res/erc_remote/install/remote2025_messages/include/remote2025_messages/remote2025_messages/msg/detail/read_led__type_support.cpp
[0.377s] -- Installing: /home/rivalits/Documents/res/erc_remote/install/remote2025_messages/include/remote2025_messages/remote2025_messages/msg/detail/read_led__rosidl_typesupport_introspection_cpp.hpp
[0.377s] -- Installing: /home/rivalits/Documents/res/erc_remote/install/remote2025_messages/lib/libdetect_messages__rosidl_typesupport_introspection_cpp.so
[0.377s] -- Set runtime path of "/home/rivalits/Documents/res/erc_remote/install/remote2025_messages/lib/libdetect_messages__rosidl_typesupport_introspection_cpp.so" to ""
[0.377s] -- Installing: /home/rivalits/Documents/res/erc_remote/install/remote2025_messages/lib/libdetect_messages__rosidl_typesupport_cpp.so
[0.377s] -- Set runtime path of "/home/rivalits/Documents/res/erc_remote/install/remote2025_messages/lib/libdetect_messages__rosidl_typesupport_cpp.so" to ""
[0.377s] -- Installing: /home/rivalits/Documents/res/erc_remote/install/remote2025_messages/share/remote2025_messages/environment/pythonpath.sh
[0.377s] -- Installing: /home/rivalits/Documents/res/erc_remote/install/remote2025_messages/share/remote2025_messages/environment/pythonpath.dsv
[0.377s] -- Installing: /home/rivalits/Documents/res/erc_remote/install/remote2025_messages/local/lib/python3.10/dist-packages/remote2025_messages-0.0.0-py3.10.egg-info
[0.378s] -- Installing: /home/rivalits/Documents/res/erc_remote/install/remote2025_messages/local/lib/python3.10/dist-packages/remote2025_messages-0.0.0-py3.10.egg-info/dependency_links.txt
[0.378s] -- Installing: /home/rivalits/Documents/res/erc_remote/install/remote2025_messages/local/lib/python3.10/dist-packages/remote2025_messages-0.0.0-py3.10.egg-info/top_level.txt
[0.378s] -- Installing: /home/rivalits/Documents/res/erc_remote/install/remote2025_messages/local/lib/python3.10/dist-packages/remote2025_messages-0.0.0-py3.10.egg-info/PKG-INFO
[0.378s] -- Installing: /home/rivalits/Documents/res/erc_remote/install/remote2025_messages/local/lib/python3.10/dist-packages/remote2025_messages-0.0.0-py3.10.egg-info/SOURCES.txt
[0.378s] -- Installing: /home/rivalits/Documents/res/erc_remote/install/remote2025_messages/local/lib/python3.10/dist-packages/remote2025_messages
[0.378s] -- Installing: /home/rivalits/Documents/res/erc_remote/install/remote2025_messages/local/lib/python3.10/dist-packages/remote2025_messages/remote2025_messages_s__rosidl_typesupport_c.cpython-310-x86_64-linux-gnu.so
[0.379s] -- Installing: /home/rivalits/Documents/res/erc_remote/install/remote2025_messages/local/lib/python3.10/dist-packages/remote2025_messages/_remote2025_messages_s.ep.rosidl_typesupport_introspection_c.c
[0.379s] -- Installing: /home/rivalits/Documents/res/erc_remote/install/remote2025_messages/local/lib/python3.10/dist-packages/remote2025_messages/_remote2025_messages_s.ep.rosidl_typesupport_c.c
[0.379s] -- Installing: /home/rivalits/Documents/res/erc_remote/install/remote2025_messages/local/lib/python3.10/dist-packages/remote2025_messages/_remote2025_messages_s.ep.rosidl_typesupport_fastrtps_c.c
[0.379s] -- Installing: /home/rivalits/Documents/res/erc_remote/install/remote2025_messages/local/lib/python3.10/dist-packages/remote2025_messages/__init__.py
[0.379s] -- Installing: /home/rivalits/Documents/res/erc_remote/install/remote2025_messages/local/lib/python3.10/dist-packages/remote2025_messages/remote2025_messages_s__rosidl_typesupport_fastrtps_c.cpython-310-x86_64-linux-gnu.so
[0.380s] -- Installing: /home/rivalits/Documents/res/erc_remote/install/remote2025_messages/local/lib/python3.10/dist-packages/remote2025_messages/msg
[0.380s] -- Installing: /home/rivalits/Documents/res/erc_remote/install/remote2025_messages/local/lib/python3.10/dist-packages/remote2025_messages/msg/__init__.py
[0.380s] -- Installing: /home/rivalits/Documents/res/erc_remote/install/remote2025_messages/local/lib/python3.10/dist-packages/remote2025_messages/msg/_read_led_s.c
[0.380s] -- Installing: /home/rivalits/Documents/res/erc_remote/install/remote2025_messages/local/lib/python3.10/dist-packages/remote2025_messages/msg/_read_led.py
[0.380s] -- Installing: /home/rivalits/Documents/res/erc_remote/install/remote2025_messages/local/lib/python3.10/dist-packages/remote2025_messages/libdetect_messages__rosidl_generator_py.so
[0.380s] -- Installing: /home/rivalits/Documents/res/erc_remote/install/remote2025_messages/local/lib/python3.10/dist-packages/remote2025_messages/remote2025_messages_s__rosidl_typesupport_introspection_c.cpython-310-x86_64-linux-gnu.so
[0.414s] Listing '/home/rivalits/Documents/res/erc_remote/install/remote2025_messages/local/lib/python3.10/dist-packages/remote2025_messages'...
[0.414s] Compiling '/home/rivalits/Documents/res/erc_remote/install/remote2025_messages/local/lib/python3.10/dist-packages/remote2025_messages/__init__.py'...
[0.414s] Listing '/home/rivalits/Documents/res/erc_remote/install/remote2025_messages/local/lib/python3.10/dist-packages/remote2025_messages/msg'...
[0.414s] Compiling '/home/rivalits/Documents/res/erc_remote/install/remote2025_messages/local/lib/python3.10/dist-packages/remote2025_messages/msg/__init__.py'...
[0.414s] Compiling '/home/rivalits/Documents/res/erc_remote/install/remote2025_messages/local/lib/python3.10/dist-packages/remote2025_messages/msg/_read_led.py'...
[0.419s] -- Installing: /home/rivalits/Documents/res/erc_remote/install/remote2025_messages/local/lib/python3.10/dist-packages/remote2025_messages/remote2025_messages_s__rosidl_typesupport_fastrtps_c.cpython-310-x86_64-linux-gnu.so
[0.420s] -- Set runtime path of "/home/rivalits/Documents/res/erc_remote/install/remote2025_messages/local/lib/python3.10/dist-packages/remote2025_messages/remote2025_messages_s__rosidl_typesupport_fastrtps_c.cpython-310-x86_64-linux-gnu.so" to ""
[0.420s] -- Installing: /home/rivalits/Documents/res/erc_remote/install/remote2025_messages/local/lib/python3.10/dist-packages/remote2025_messages/remote2025_messages_s__rosidl_typesupport_introspection_c.cpython-310-x86_64-linux-gnu.so
[0.421s] -- Set runtime path of "/home/rivalits/Documents/res/erc_remote/install/remote2025_messages/local/lib/python3.10/dist-packages/remote2025_messages/remote2025_messages_s__rosidl_typesupport_introspection_c.cpython-310-x86_64-linux-gnu.so" to ""
[0.421s] -- Installing: /home/rivalits/Documents/res/erc_remote/install/remote2025_messages/local/lib/python3.10/dist-packages/remote2025_messages/remote2025_messages_s__rosidl_typesupport_c.cpython-310-x86_64-linux-gnu.so
[0.422s] -- Set runtime path of "/home/rivalits/Documents/res/erc_remote/install/remote2025_messages/local/lib/python3.10/dist-packages/remote2025_messages/remote2025_messages_s__rosidl_typesupport_c.cpython-310-x86_64-linux-gnu.so" to ""
[0.422s] -- Installing: /home/rivalits/Documents/res/erc_remote/install/remote2025_messages/lib/libdetect_messages__rosidl_generator_py.so
[0.422s] -- Set runtime path of "/home/rivalits/Documents/res/erc_remote/install/remote2025_messages/lib/libdetect_messages__rosidl_generator_py.so" to ""
[0.423s] -- Installing: /home/rivalits/Documents/res/erc_remote/install/remote2025_messages/share/remote2025_messages/msg/ReadLed.idl
[0.423s] -- Installing: /home/rivalits/Documents/res/erc_remote/install/remote2025_messages/share/remote2025_messages/msg/ReadLed.msg
[0.423s] -- Installing: /home/rivalits/Documents/res/erc_remote/install/remote2025_messages/share/ament_index/resource_index/package_run_dependencies/remote2025_messages
[0.424s] -- Installing: /home/rivalits/Documents/res/erc_remote/install/remote2025_messages/share/ament_index/resource_index/parent_prefix_path/remote2025_messages
[0.424s] -- Installing: /home/rivalits/Documents/res/erc_remote/install/remote2025_messages/share/remote2025_messages/environment/ament_prefix_path.sh
[0.425s] -- Installing: /home/rivalits/Documents/res/erc_remote/install/remote2025_messages/share/remote2025_messages/environment/ament_prefix_path.dsv
[0.425s] -- Installing: /home/rivalits/Documents/res/erc_remote/install/remote2025_messages/share/remote2025_messages/environment/path.sh
[0.425s] -- Installing: /home/rivalits/Documents/res/erc_remote/install/remote2025_messages/share/remote2025_messages/environment/path.dsv
[0.425s] -- Installing: /home/rivalits/Documents/res/erc_remote/install/remote2025_messages/share/remote2025_messages/local_setup.bash
[0.426s] -- Installing: /home/rivalits/Documents/res/erc_remote/install/remote2025_messages/share/remote2025_messages/local_setup.sh
[0.426s] -- Installing: /home/rivalits/Documents/res/erc_remote/install/remote2025_messages/share/remote2025_messages/local_setup.zsh
[0.426s] -- Installing: /home/rivalits/Documents/res/erc_remote/install/remote2025_messages/share/remote2025_messages/local_setup.dsv
[0.426s] -- Installing: /home/rivalits/Documents/res/erc_remote/install/remote2025_messages/share/remote2025_messages/package.dsv
[0.426s] -- Installing: /home/rivalits/Documents/res/erc_remote/install/remote2025_messages/share/ament_index/resource_index/packages/remote2025_messages
[0.428s] -- Installing: /home/rivalits/Documents/res/erc_remote/install/remote2025_messages/share/remote2025_messages/cmake/export_detect_messages__rosidl_generator_cExport.cmake
[0.428s] -- Installing: /home/rivalits/Documents/res/erc_remote/install/remote2025_messages/share/remote2025_messages/cmake/export_detect_messages__rosidl_generator_cExport-noconfig.cmake
[0.428s] -- Installing: /home/rivalits/Documents/res/erc_remote/install/remote2025_messages/share/remote2025_messages/cmake/export_detect_messages__rosidl_typesupport_fastrtps_cExport.cmake
[0.429s] -- Installing: /home/rivalits/Documents/res/erc_remote/install/remote2025_messages/share/remote2025_messages/cmake/export_detect_messages__rosidl_typesupport_fastrtps_cExport-noconfig.cmake
[0.429s] -- Installing: /home/rivalits/Documents/res/erc_remote/install/remote2025_messages/share/remote2025_messages/cmake/export_detect_messages__rosidl_generator_cppExport.cmake
[0.429s] -- Installing: /home/rivalits/Documents/res/erc_remote/install/remote2025_messages/share/remote2025_messages/cmake/export_detect_messages__rosidl_typesupport_fastrtps_cppExport.cmake
[0.429s] -- Installing: /home/rivalits/Documents/res/erc_remote/install/remote2025_messages/share/remote2025_messages/cmake/export_detect_messages__rosidl_typesupport_fastrtps_cppExport-noconfig.cmake
[0.429s] -- Installing: /home/rivalits/Documents/res/erc_remote/install/remote2025_messages/share/remote2025_messages/cmake/detect_messages__rosidl_typesupport_introspection_cExport.cmake
[0.429s] -- Installing: /home/rivalits/Documents/res/erc_remote/install/remote2025_messages/share/remote2025_messages/cmake/detect_messages__rosidl_typesupport_introspection_cExport-noconfig.cmake
[0.430s] -- Installing: /home/rivalits/Documents/res/erc_remote/install/remote2025_messages/share/remote2025_messages/cmake/detect_messages__rosidl_typesupport_cExport.cmake
[0.430s] -- Installing: /home/rivalits/Documents/res/erc_remote/install/remote2025_messages/share/remote2025_messages/cmake/detect_messages__rosidl_typesupport_cExport-noconfig.cmake
[0.430s] -- Installing: /home/rivalits/Documents/res/erc_remote/install/remote2025_messages/share/remote2025_messages/cmake/detect_messages__rosidl_typesupport_introspection_cppExport.cmake
[0.431s] -- Installing: /home/rivalits/Documents/res/erc_remote/install/remote2025_messages/share/remote2025_messages/cmake/detect_messages__rosidl_typesupport_introspection_cppExport-noconfig.cmake
[0.431s] -- Installing: /home/rivalits/Documents/res/erc_remote/install/remote2025_messages/share/remote2025_messages/cmake/detect_messages__rosidl_typesupport_cppExport.cmake
[0.431s] -- Installing: /home/rivalits/Documents/res/erc_remote/install/remote2025_messages/share/remote2025_messages/cmake/detect_messages__rosidl_typesupport_cppExport-noconfig.cmake
[0.432s] -- Installing: /home/rivalits/Documents/res/erc_remote/install/remote2025_messages/share/remote2025_messages/cmake/export_detect_messages__rosidl_generator_pyExport.cmake
[0.432s] -- Installing: /home/rivalits/Documents/res/erc_remote/install/remote2025_messages/share/remote2025_messages/cmake/export_detect_messages__rosidl_generator_pyExport-noconfig.cmake
[0.432s] -- Installing: /home/rivalits/Documents/res/erc_remote/install/remote2025_messages/share/remote2025_messages/cmake/rosidl_cmake-extras.cmake
[0.432s] -- Installing: /home/rivalits/Documents/res/erc_remote/install/remote2025_messages/share/remote2025_messages/cmake/ament_cmake_export_include_directories-extras.cmake
[0.432s] -- Installing: /home/rivalits/Documents/res/erc_remote/install/remote2025_messages/share/remote2025_messages/cmake/ament_cmake_export_libraries-extras.cmake
[0.432s] -- Installing: /home/rivalits/Documents/res/erc_remote/install/remote2025_messages/share/remote2025_messages/cmake/ament_cmake_export_targets-extras.cmake
[0.433s] -- Installing: /home/rivalits/Documents/res/erc_remote/install/remote2025_messages/share/remote2025_messages/cmake/rosidl_cmake_export_typesupport_targets-extras.cmake
[0.433s] -- Installing: /home/rivalits/Documents/res/erc_remote/install/remote2025_messages/share/remote2025_messages/cmake/ament_cmake_export_dependencies-extras.cmake
[0.433s] -- Installing: /home/rivalits/Documents/res/erc_remote/install/remote2025_messages/share/remote2025_messages/cmake/rosidl_cmake_export_typesupport_libraries-extras.cmake
[0.433s] -- Installing: /home/rivalits/Documents/res/erc_remote/install/remote2025_messages/share/remote2025_messages/cmake/remote2025_messagesConfig.cmake
[0.433s] -- Installing: /home/rivalits/Documents/res/erc_remote/install/remote2025_messages/share/remote2025_messages/cmake/remote2025_messagesConfig-version.cmake
[0.433s] -- Installing: /home/rivalits/Documents/res/erc_remote/install/remote2025_messages/share/remote2025_messages/package.xml
[0.436s] Invoked command in '/home/rivalits/Documents/res/erc_remote/build/remote2025_messages' returned '0': CMAKE_PREFIX_PATH=/opt/ros/humble /usr/bin/cmake --install /home/rivalits/Documents/res/erc_remote/build/remote2025_messages
