[0.009s] Invoking command in '/home/rivalits/Documents/res/erc_remote/build/remote2025_messages': CMAKE_PREFIX_PATH=/opt/ros/humble /usr/bin/cmake /home/rivalits/Documents/res/erc_remote/src/remote2025_messages -DCMAKE_INSTALL_PREFIX=/home/rivalits/Documents/res/erc_remote/install/remote2025_messages
[0.025s] -- Found ament_cmake: 1.3.11 (/opt/ros/humble/share/ament_cmake/cmake)
[0.140s] -- Found rclcpp: 16.0.12 (/opt/ros/humble/share/rclcpp/cmake)
[0.159s] -- Found rosidl_generator_c: 3.1.6 (/opt/ros/humble/share/rosidl_generator_c/cmake)
[0.160s] -- Found rosidl_adapter: 3.1.6 (/opt/ros/humble/share/rosidl_adapter/cmake)
[0.164s] -- Found rosidl_generator_cpp: 3.1.6 (/opt/ros/humble/share/rosidl_generator_cpp/cmake)
[0.170s] -- Using all available rosidl_typesupport_c: rosidl_typesupport_fastrtps_c;rosidl_typesupport_introspection_c
[0.177s] -- Using all available rosidl_typesupport_cpp: rosidl_typesupport_fastrtps_cpp;rosidl_typesupport_introspection_cpp
[0.197s] -- Found rmw_implementation_cmake: 6.1.2 (/opt/ros/humble/share/rmw_implementation_cmake/cmake)
[0.198s] -- Found rmw_fastrtps_cpp: 6.2.7 (/opt/ros/humble/share/rmw_fastrtps_cpp/cmake)
[0.277s] -- Using RMW implementation 'rmw_fastrtps_cpp' as default
[0.311s] -- Found rosidl_default_generators: 1.2.0 (/opt/ros/humble/share/rosidl_default_generators/cmake)
[0.316s] [31mCMake Error at /opt/ros/humble/share/rosidl_cmake/cmake/rosidl_generate_interfaces.cmake:93 (message):
[0.316s]   rosidl_generate_interfaces() the passed file 'msg/ReadLed.msg' doesn't
[0.316s]   exist relative to the CMAKE_CURRENT_SOURCE_DIR
[0.316s]   '/home/rivalits/Documents/res/erc_remote/src/remote2025_messages'
[0.316s] Call Stack (most recent call first):
[0.316s]   CMakeLists.txt:16 (rosidl_generate_interfaces)
[0.317s] 
[0.317s] [0m
[0.317s] -- Configuring incomplete, errors occurred!
[0.317s] See also "/home/rivalits/Documents/res/erc_remote/build/remote2025_messages/CMakeFiles/CMakeOutput.log".
[0.324s] Invoked command in '/home/rivalits/Documents/res/erc_remote/build/remote2025_messages' returned '1': CMAKE_PREFIX_PATH=/opt/ros/humble /usr/bin/cmake /home/rivalits/Documents/res/erc_remote/src/remote2025_messages -DCMAKE_INSTALL_PREFIX=/home/rivalits/Documents/res/erc_remote/install/remote2025_messages
