[0.007s] Invoking command in '/home/rivalits/Documents/res/erc_remote/build/remote2025_camera': CMAKE_PREFIX_PATH=/opt/ros/humble /usr/bin/cmake /home/rivalits/Documents/res/erc_remote/src/remote2025_camera -DCMAKE_INSTALL_PREFIX=/home/rivalits/Documents/res/erc_remote/install/remote2025_camera
[0.021s] -- Found ament_cmake: 1.3.11 (/opt/ros/humble/share/ament_cmake/cmake)
[0.176s] -- Found rclcpp: 16.0.12 (/opt/ros/humble/share/rclcpp/cmake)
[0.219s] -- Found rosidl_generator_c: 3.1.6 (/opt/ros/humble/share/rosidl_generator_c/cmake)
[0.222s] -- Found rosidl_adapter: 3.1.6 (/opt/ros/humble/share/rosidl_adapter/cmake)
[0.232s] -- Found rosidl_generator_cpp: 3.1.6 (/opt/ros/humble/share/rosidl_generator_cpp/cmake)
[0.247s] -- Using all available rosidl_typesupport_c: rosidl_typesupport_fastrtps_c;rosidl_typesupport_introspection_c
[0.265s] -- Using all available rosidl_typesupport_cpp: rosidl_typesupport_fastrtps_cpp;rosidl_typesupport_introspection_cpp
[0.307s] -- Found rmw_implementation_cmake: 6.1.2 (/opt/ros/humble/share/rmw_implementation_cmake/cmake)
[0.308s] -- Found rmw_fastrtps_cpp: 6.2.7 (/opt/ros/humble/share/rmw_fastrtps_cpp/cmake)
[0.448s] -- Using RMW implementation 'rmw_fastrtps_cpp' as default
[0.521s] [31mCMake Error at CMakeLists.txt:11 (find_package):
[0.521s]   By not providing "Finddetect_messages.cmake" in CMAKE_MODULE_PATH this
[0.521s]   project has asked CMake to find a package configuration file provided by
[0.521s]   "detect_messages", but CMake did not find one.
[0.521s] 
[0.522s]   Could not find a package configuration file provided by "detect_messages"
[0.522s]   with any of the following names:
[0.522s] 
[0.522s]     detect_messagesConfig.cmake
[0.522s]     detect_messages-config.cmake
[0.522s] 
[0.522s]   Add the installation prefix of "detect_messages" to CMAKE_PREFIX_PATH or
[0.522s]   set "detect_messages_DIR" to a directory containing one of the above files.
[0.522s]   If "detect_messages" provides a separate development package or SDK, be
[0.523s]   sure it has been installed.
[0.523s] 
[0.523s] [0m
[0.523s] -- Configuring incomplete, errors occurred!
[0.523s] See also "/home/rivalits/Documents/res/erc_remote/build/remote2025_camera/CMakeFiles/CMakeOutput.log".
[0.529s] Invoked command in '/home/rivalits/Documents/res/erc_remote/build/remote2025_camera' returned '1': CMAKE_PREFIX_PATH=/opt/ros/humble /usr/bin/cmake /home/rivalits/Documents/res/erc_remote/src/remote2025_camera -DCMAKE_INSTALL_PREFIX=/home/rivalits/Documents/res/erc_remote/install/remote2025_camera
