[0.011s] Invoking command in '/home/rivalits/Documents/res/erc_remote/build/remote2025_camera': CMAKE_PREFIX_PATH=/opt/ros/humble /usr/bin/cmake /home/rivalits/Documents/res/erc_remote/src/remote2025_camera -DCMAKE_INSTALL_PREFIX=/home/rivalits/Documents/res/erc_remote/install/remote2025_camera
[0.021s] -- Found ament_cmake: 1.3.11 (/opt/ros/humble/share/ament_cmake/cmake)
[0.159s] -- Found rclcpp: 16.0.12 (/opt/ros/humble/share/rclcpp/cmake)
[0.204s] -- Found rosidl_generator_c: 3.1.6 (/opt/ros/humble/share/rosidl_generator_c/cmake)
[0.209s] -- Found rosidl_adapter: 3.1.6 (/opt/ros/humble/share/rosidl_adapter/cmake)
[0.218s] -- Found rosidl_generator_cpp: 3.1.6 (/opt/ros/humble/share/rosidl_generator_cpp/cmake)
[0.234s] -- Using all available rosidl_typesupport_c: rosidl_typesupport_fastrtps_c;rosidl_typesupport_introspection_c
[0.249s] -- Using all available rosidl_typesupport_cpp: rosidl_typesupport_fastrtps_cpp;rosidl_typesupport_introspection_cpp
[0.270s] -- Found rmw_implementation_cmake: 6.1.2 (/opt/ros/humble/share/rmw_implementation_cmake/cmake)
[0.271s] -- Found rmw_fastrtps_cpp: 6.2.7 (/opt/ros/humble/share/rmw_fastrtps_cpp/cmake)
[0.371s] -- Using RMW implementation 'rmw_fastrtps_cpp' as default
[0.451s] [31mCMake Error at CMakeLists.txt:11 (find_package):
[0.451s]   By not providing "Findremote2025_messages.cmake" in CMAKE_MODULE_PATH this
[0.451s]   project has asked CMake to find a package configuration file provided by
[0.452s]   "remote2025_messages", but CMake did not find one.
[0.452s] 
[0.452s]   Could not find a package configuration file provided by
[0.452s]   "remote2025_messages" with any of the following names:
[0.452s] 
[0.452s]     remote2025_messagesConfig.cmake
[0.452s]     remote2025_messages-config.cmake
[0.452s] 
[0.452s]   Add the installation prefix of "remote2025_messages" to CMAKE_PREFIX_PATH
[0.452s]   or set "remote2025_messages_DIR" to a directory containing one of the above
[0.452s]   files.  If "remote2025_messages" provides a separate development package or
[0.452s]   SDK, be sure it has been installed.
[0.453s] 
[0.453s] [0m
[0.453s] -- Configuring incomplete, errors occurred!
[0.453s] See also "/home/rivalits/Documents/res/erc_remote/build/remote2025_camera/CMakeFiles/CMakeOutput.log".
[0.458s] Invoked command in '/home/rivalits/Documents/res/erc_remote/build/remote2025_camera' returned '1': CMAKE_PREFIX_PATH=/opt/ros/humble /usr/bin/cmake /home/rivalits/Documents/res/erc_remote/src/remote2025_camera -DCMAKE_INSTALL_PREFIX=/home/rivalits/Documents/res/erc_remote/install/remote2025_camera
