[  3%] [34m[1mGenerating C code for ROS interfaces[0m
[  6%] [34m[1mGenerating C++ code for ROS interfaces[0m
[  6%] Built target ament_cmake_python_copy_remote2025_messages
[  9%] [32mBuilding C object CMakeFiles/detect_messages__rosidl_generator_c.dir/rosidl_generator_c/remote2025_messages/msg/detail/read_led__functions.c.o[0m
[ 12%] [32m[1mLinking C shared library libdetect_messages__rosidl_generator_c.so[0m
[ 12%] Built target detect_messages__cpp
[ 12%] Built target detect_messages__rosidl_generator_c
[ 16%] [34m[1mGenerating C++ introspection for ROS interfaces[0m
[ 19%] [34m[1mGenerating C++ type support dispatch for ROS interfaces[0m
[ 22%] [34m[1mGenerating C++ type support for eProsima Fast-RTPS[0m
running egg_info
creating remote2025_messages.egg-info
writing remote2025_messages.egg-info/PKG-INFO
writing dependency_links to remote2025_messages.egg-info/dependency_links.txt
writing top-level names to remote2025_messages.egg-info/top_level.txt
writing manifest file 'remote2025_messages.egg-info/SOURCES.txt'
reading manifest file 'remote2025_messages.egg-info/SOURCES.txt'
writing manifest file 'remote2025_messages.egg-info/SOURCES.txt'
[ 22%] Built target ament_cmake_python_build_remote2025_messages_egg
[ 32%] [34m[1mGenerating C introspection for ROS interfaces[0m
[ 32%] [34m[1mGenerating C type support dispatch for ROS interfaces[0m
[ 32%] [34m[1mGenerating C type support for eProsima Fast-RTPS[0m
[ 35%] [32mBuilding CXX object CMakeFiles/detect_messages__rosidl_typesupport_cpp.dir/rosidl_typesupport_cpp/remote2025_messages/msg/read_led__type_support.cpp.o[0m
[ 38%] [32mBuilding CXX object CMakeFiles/detect_messages__rosidl_typesupport_fastrtps_cpp.dir/rosidl_typesupport_fastrtps_cpp/remote2025_messages/msg/detail/dds_fastrtps/read_led__type_support.cpp.o[0m
[ 41%] [32mBuilding CXX object CMakeFiles/detect_messages__rosidl_typesupport_introspection_cpp.dir/rosidl_typesupport_introspection_cpp/remote2025_messages/msg/detail/read_led__type_support.cpp.o[0m
[ 45%] [32mBuilding CXX object CMakeFiles/detect_messages__rosidl_typesupport_c.dir/rosidl_typesupport_c/remote2025_messages/msg/read_led__type_support.cpp.o[0m
[ 48%] [32mBuilding C object CMakeFiles/detect_messages__rosidl_typesupport_introspection_c.dir/rosidl_typesupport_introspection_c/remote2025_messages/msg/detail/read_led__type_support.c.o[0m
[ 51%] [32m[1mLinking CXX shared library libdetect_messages__rosidl_typesupport_c.so[0m
[ 54%] [32m[1mLinking C shared library libdetect_messages__rosidl_typesupport_introspection_c.so[0m
[ 54%] Built target detect_messages__rosidl_typesupport_c
[ 54%] Built target detect_messages__rosidl_typesupport_introspection_c
[ 58%] [32mBuilding CXX object CMakeFiles/detect_messages__rosidl_typesupport_fastrtps_c.dir/rosidl_typesupport_fastrtps_c/remote2025_messages/msg/detail/read_led__type_support_c.cpp.o[0m
[ 61%] [32m[1mLinking CXX shared library libdetect_messages__rosidl_typesupport_cpp.so[0m
[ 61%] Built target detect_messages__rosidl_typesupport_cpp
[ 64%] [32m[1mLinking CXX shared library libdetect_messages__rosidl_typesupport_fastrtps_c.so[0m
[ 67%] [32m[1mLinking CXX shared library libdetect_messages__rosidl_typesupport_fastrtps_cpp.so[0m
[ 67%] Built target detect_messages__rosidl_typesupport_fastrtps_c
[ 70%] [32m[1mLinking CXX shared library libdetect_messages__rosidl_typesupport_introspection_cpp.so[0m
[ 70%] Built target detect_messages__rosidl_typesupport_fastrtps_cpp
[ 70%] Built target detect_messages__rosidl_typesupport_introspection_cpp
[ 70%] Built target detect_messages
[ 74%] [34m[1mGenerating Python code for ROS interfaces[0m
[ 74%] Built target detect_messages__py
[ 77%] [32mBuilding C object CMakeFiles/detect_messages__rosidl_generator_py.dir/rosidl_generator_py/remote2025_messages/msg/_read_led_s.c.o[0m
[ 80%] [32m[1mLinking C shared library rosidl_generator_py/remote2025_messages/libdetect_messages__rosidl_generator_py.so[0m
[ 80%] Built target detect_messages__rosidl_generator_py
[ 83%] [32mBuilding C object CMakeFiles/remote2025_messages__rosidl_typesupport_introspection_c__pyext.dir/rosidl_generator_py/remote2025_messages/_remote2025_messages_s.ep.rosidl_typesupport_introspection_c.c.o[0m
[ 90%] [32mBuilding C object CMakeFiles/remote2025_messages__rosidl_typesupport_fastrtps_c__pyext.dir/rosidl_generator_py/remote2025_messages/_remote2025_messages_s.ep.rosidl_typesupport_fastrtps_c.c.o[0m
[ 90%] [32mBuilding C object CMakeFiles/remote2025_messages__rosidl_typesupport_c__pyext.dir/rosidl_generator_py/remote2025_messages/_remote2025_messages_s.ep.rosidl_typesupport_c.c.o[0m
[ 93%] [32m[1mLinking C shared library rosidl_generator_py/remote2025_messages/remote2025_messages_s__rosidl_typesupport_c.cpython-310-x86_64-linux-gnu.so[0m
[ 96%] [32m[1mLinking C shared library rosidl_generator_py/remote2025_messages/remote2025_messages_s__rosidl_typesupport_fastrtps_c.cpython-310-x86_64-linux-gnu.so[0m
[100%] [32m[1mLinking C shared library rosidl_generator_py/remote2025_messages/remote2025_messages_s__rosidl_typesupport_introspection_c.cpython-310-x86_64-linux-gnu.so[0m
[100%] Built target remote2025_messages__rosidl_typesupport_fastrtps_c__pyext
[100%] Built target remote2025_messages__rosidl_typesupport_c__pyext
[100%] Built target remote2025_messages__rosidl_typesupport_introspection_c__pyext
