[0.012s] Invoking command in '/home/rivalits/Documents/res/erc_remote/build/remote2025_messages': CMAKE_PREFIX_PATH=/opt/ros/humble /usr/bin/cmake --build /home/rivalits/Documents/res/erc_remote/build/remote2025_messages -- -j12 -l12
[0.061s] [  3%] Built target detect_messages__cpp
[0.062s] [ 12%] Built target detect_messages__rosidl_generator_c
[0.075s] [ 12%] Built target ament_cmake_python_copy_remote2025_messages
[0.086s] [ 22%] Built target detect_messages__rosidl_typesupport_introspection_cpp
[0.088s] [ 32%] Built target detect_messages__rosidl_typesupport_fastrtps_cpp
[0.088s] [ 41%] Built target detect_messages__rosidl_typesupport_fastrtps_c
[0.090s] [ 51%] Built target detect_messages__rosidl_typesupport_c
[0.091s] [ 70%] Built target detect_messages__rosidl_typesupport_introspection_c
[0.092s] [ 70%] Built target detect_messages__rosidl_typesupport_cpp
[0.118s] [ 70%] Built target detect_messages
[0.143s] [ 74%] Built target detect_messages__py
[0.166s] [ 80%] Built target detect_messages__rosidl_generator_py
[0.189s] [ 93%] Built target remote2025_messages__rosidl_typesupport_fastrtps_c__pyext
[0.190s] [ 93%] Built target remote2025_messages__rosidl_typesupport_introspection_c__pyext
[0.194s] [100%] Built target remote2025_messages__rosidl_typesupport_c__pyext
[0.368s] running egg_info
[0.369s] writing remote2025_messages.egg-info/PKG-INFO
[0.369s] writing dependency_links to remote2025_messages.egg-info/dependency_links.txt
[0.370s] writing top-level names to remote2025_messages.egg-info/top_level.txt
[0.372s] reading manifest file 'remote2025_messages.egg-info/SOURCES.txt'
[0.372s] writing manifest file 'remote2025_messages.egg-info/SOURCES.txt'
[0.394s] [100%] Built target ament_cmake_python_build_remote2025_messages_egg
[0.407s] Invoked command in '/home/rivalits/Documents/res/erc_remote/build/remote2025_messages' returned '0': CMAKE_PREFIX_PATH=/opt/ros/humble /usr/bin/cmake --build /home/rivalits/Documents/res/erc_remote/build/remote2025_messages -- -j12 -l12
[0.418s] Invoking command in '/home/rivalits/Documents/res/erc_remote/build/remote2025_messages': CMAKE_PREFIX_PATH=/opt/ros/humble /usr/bin/cmake --install /home/rivalits/Documents/res/erc_remote/build/remote2025_messages
[0.427s] -- Install configuration: ""
[0.428s] -- Up-to-date: /home/rivalits/Documents/res/erc_remote/install/remote2025_messages/share/ament_index/resource_index/rosidl_interfaces/remote2025_messages
[0.429s] -- Up-to-date: /home/rivalits/Documents/res/erc_remote/install/remote2025_messages/include/remote2025_messages/remote2025_messages
[0.429s] -- Up-to-date: /home/rivalits/Documents/res/erc_remote/install/remote2025_messages/include/remote2025_messages/remote2025_messages/msg
[0.429s] -- Up-to-date: /home/rivalits/Documents/res/erc_remote/install/remote2025_messages/include/remote2025_messages/remote2025_messages/msg/read_led.h
[0.429s] -- Up-to-date: /home/rivalits/Documents/res/erc_remote/install/remote2025_messages/include/remote2025_messages/remote2025_messages/msg/rosidl_generator_c__visibility_control.h
[0.430s] -- Up-to-date: /home/rivalits/Documents/res/erc_remote/install/remote2025_messages/include/remote2025_messages/remote2025_messages/msg/detail
[0.430s] -- Up-to-date: /home/rivalits/Documents/res/erc_remote/install/remote2025_messages/include/remote2025_messages/remote2025_messages/msg/detail/read_led__functions.c
[0.430s] -- Up-to-date: /home/rivalits/Documents/res/erc_remote/install/remote2025_messages/include/remote2025_messages/remote2025_messages/msg/detail/read_led__functions.h
[0.430s] -- Up-to-date: /home/rivalits/Documents/res/erc_remote/install/remote2025_messages/include/remote2025_messages/remote2025_messages/msg/detail/read_led__struct.h
[0.431s] -- Up-to-date: /home/rivalits/Documents/res/erc_remote/install/remote2025_messages/include/remote2025_messages/remote2025_messages/msg/detail/read_led__type_support.h
[0.431s] -- Up-to-date: /home/rivalits/Documents/res/erc_remote/install/remote2025_messages/share/remote2025_messages/environment/library_path.sh
[0.431s] -- Up-to-date: /home/rivalits/Documents/res/erc_remote/install/remote2025_messages/share/remote2025_messages/environment/library_path.dsv
[0.431s] -- Up-to-date: /home/rivalits/Documents/res/erc_remote/install/remote2025_messages/lib/libdetect_messages__rosidl_generator_c.so
[0.431s] -- Up-to-date: /home/rivalits/Documents/res/erc_remote/install/remote2025_messages/include/remote2025_messages/remote2025_messages
[0.431s] -- Up-to-date: /home/rivalits/Documents/res/erc_remote/install/remote2025_messages/include/remote2025_messages/remote2025_messages/msg
[0.431s] -- Up-to-date: /home/rivalits/Documents/res/erc_remote/install/remote2025_messages/include/remote2025_messages/remote2025_messages/msg/rosidl_typesupport_fastrtps_c__visibility_control.h
[0.431s] -- Up-to-date: /home/rivalits/Documents/res/erc_remote/install/remote2025_messages/include/remote2025_messages/remote2025_messages/msg/detail
[0.431s] -- Up-to-date: /home/rivalits/Documents/res/erc_remote/install/remote2025_messages/include/remote2025_messages/remote2025_messages/msg/detail/read_led__rosidl_typesupport_fastrtps_c.h
[0.431s] -- Up-to-date: /home/rivalits/Documents/res/erc_remote/install/remote2025_messages/lib/libdetect_messages__rosidl_typesupport_fastrtps_c.so
[0.431s] -- Up-to-date: /home/rivalits/Documents/res/erc_remote/install/remote2025_messages/include/remote2025_messages/remote2025_messages
[0.431s] -- Up-to-date: /home/rivalits/Documents/res/erc_remote/install/remote2025_messages/include/remote2025_messages/remote2025_messages/msg
[0.431s] -- Up-to-date: /home/rivalits/Documents/res/erc_remote/install/remote2025_messages/include/remote2025_messages/remote2025_messages/msg/read_led.hpp
[0.431s] -- Up-to-date: /home/rivalits/Documents/res/erc_remote/install/remote2025_messages/include/remote2025_messages/remote2025_messages/msg/rosidl_generator_cpp__visibility_control.hpp
[0.431s] -- Up-to-date: /home/rivalits/Documents/res/erc_remote/install/remote2025_messages/include/remote2025_messages/remote2025_messages/msg/detail
[0.431s] -- Up-to-date: /home/rivalits/Documents/res/erc_remote/install/remote2025_messages/include/remote2025_messages/remote2025_messages/msg/detail/read_led__struct.hpp
[0.431s] -- Up-to-date: /home/rivalits/Documents/res/erc_remote/install/remote2025_messages/include/remote2025_messages/remote2025_messages/msg/detail/read_led__type_support.hpp
[0.431s] -- Up-to-date: /home/rivalits/Documents/res/erc_remote/install/remote2025_messages/include/remote2025_messages/remote2025_messages/msg/detail/read_led__traits.hpp
[0.432s] -- Up-to-date: /home/rivalits/Documents/res/erc_remote/install/remote2025_messages/include/remote2025_messages/remote2025_messages/msg/detail/read_led__builder.hpp
[0.432s] -- Up-to-date: /home/rivalits/Documents/res/erc_remote/install/remote2025_messages/include/remote2025_messages/remote2025_messages
[0.432s] -- Up-to-date: /home/rivalits/Documents/res/erc_remote/install/remote2025_messages/include/remote2025_messages/remote2025_messages/msg
[0.432s] -- Up-to-date: /home/rivalits/Documents/res/erc_remote/install/remote2025_messages/include/remote2025_messages/remote2025_messages/msg/rosidl_typesupport_fastrtps_cpp__visibility_control.h
[0.432s] -- Up-to-date: /home/rivalits/Documents/res/erc_remote/install/remote2025_messages/include/remote2025_messages/remote2025_messages/msg/detail
[0.432s] -- Up-to-date: /home/rivalits/Documents/res/erc_remote/install/remote2025_messages/include/remote2025_messages/remote2025_messages/msg/detail/read_led__rosidl_typesupport_fastrtps_cpp.hpp
[0.432s] -- Up-to-date: /home/rivalits/Documents/res/erc_remote/install/remote2025_messages/include/remote2025_messages/remote2025_messages/msg/detail/dds_fastrtps
[0.432s] -- Up-to-date: /home/rivalits/Documents/res/erc_remote/install/remote2025_messages/lib/libdetect_messages__rosidl_typesupport_fastrtps_cpp.so
[0.432s] -- Up-to-date: /home/rivalits/Documents/res/erc_remote/install/remote2025_messages/include/remote2025_messages/remote2025_messages
[0.432s] -- Up-to-date: /home/rivalits/Documents/res/erc_remote/install/remote2025_messages/include/remote2025_messages/remote2025_messages/msg
[0.432s] -- Up-to-date: /home/rivalits/Documents/res/erc_remote/install/remote2025_messages/include/remote2025_messages/remote2025_messages/msg/rosidl_typesupport_introspection_c__visibility_control.h
[0.432s] -- Up-to-date: /home/rivalits/Documents/res/erc_remote/install/remote2025_messages/include/remote2025_messages/remote2025_messages/msg/detail
[0.432s] -- Up-to-date: /home/rivalits/Documents/res/erc_remote/install/remote2025_messages/include/remote2025_messages/remote2025_messages/msg/detail/read_led__type_support.c
[0.432s] -- Up-to-date: /home/rivalits/Documents/res/erc_remote/install/remote2025_messages/include/remote2025_messages/remote2025_messages/msg/detail/read_led__rosidl_typesupport_introspection_c.h
[0.432s] -- Up-to-date: /home/rivalits/Documents/res/erc_remote/install/remote2025_messages/lib/libdetect_messages__rosidl_typesupport_introspection_c.so
[0.432s] -- Up-to-date: /home/rivalits/Documents/res/erc_remote/install/remote2025_messages/lib/libdetect_messages__rosidl_typesupport_c.so
[0.432s] -- Up-to-date: /home/rivalits/Documents/res/erc_remote/install/remote2025_messages/include/remote2025_messages/remote2025_messages
[0.432s] -- Up-to-date: /home/rivalits/Documents/res/erc_remote/install/remote2025_messages/include/remote2025_messages/remote2025_messages/msg
[0.432s] -- Up-to-date: /home/rivalits/Documents/res/erc_remote/install/remote2025_messages/include/remote2025_messages/remote2025_messages/msg/detail
[0.433s] -- Up-to-date: /home/rivalits/Documents/res/erc_remote/install/remote2025_messages/include/remote2025_messages/remote2025_messages/msg/detail/read_led__type_support.cpp
[0.433s] -- Up-to-date: /home/rivalits/Documents/res/erc_remote/install/remote2025_messages/include/remote2025_messages/remote2025_messages/msg/detail/read_led__rosidl_typesupport_introspection_cpp.hpp
[0.433s] -- Up-to-date: /home/rivalits/Documents/res/erc_remote/install/remote2025_messages/lib/libdetect_messages__rosidl_typesupport_introspection_cpp.so
[0.433s] -- Up-to-date: /home/rivalits/Documents/res/erc_remote/install/remote2025_messages/lib/libdetect_messages__rosidl_typesupport_cpp.so
[0.433s] -- Up-to-date: /home/rivalits/Documents/res/erc_remote/install/remote2025_messages/share/remote2025_messages/environment/pythonpath.sh
[0.433s] -- Up-to-date: /home/rivalits/Documents/res/erc_remote/install/remote2025_messages/share/remote2025_messages/environment/pythonpath.dsv
[0.433s] -- Up-to-date: /home/rivalits/Documents/res/erc_remote/install/remote2025_messages/local/lib/python3.10/dist-packages/remote2025_messages-0.0.0-py3.10.egg-info
[0.433s] -- Installing: /home/rivalits/Documents/res/erc_remote/install/remote2025_messages/local/lib/python3.10/dist-packages/remote2025_messages-0.0.0-py3.10.egg-info/dependency_links.txt
[0.433s] -- Installing: /home/rivalits/Documents/res/erc_remote/install/remote2025_messages/local/lib/python3.10/dist-packages/remote2025_messages-0.0.0-py3.10.egg-info/top_level.txt
[0.433s] -- Installing: /home/rivalits/Documents/res/erc_remote/install/remote2025_messages/local/lib/python3.10/dist-packages/remote2025_messages-0.0.0-py3.10.egg-info/PKG-INFO
[0.433s] -- Installing: /home/rivalits/Documents/res/erc_remote/install/remote2025_messages/local/lib/python3.10/dist-packages/remote2025_messages-0.0.0-py3.10.egg-info/SOURCES.txt
[0.433s] -- Up-to-date: /home/rivalits/Documents/res/erc_remote/install/remote2025_messages/local/lib/python3.10/dist-packages/remote2025_messages
[0.434s] -- Up-to-date: /home/rivalits/Documents/res/erc_remote/install/remote2025_messages/local/lib/python3.10/dist-packages/remote2025_messages/remote2025_messages_s__rosidl_typesupport_c.cpython-310-x86_64-linux-gnu.so
[0.434s] -- Up-to-date: /home/rivalits/Documents/res/erc_remote/install/remote2025_messages/local/lib/python3.10/dist-packages/remote2025_messages/_remote2025_messages_s.ep.rosidl_typesupport_introspection_c.c
[0.434s] -- Up-to-date: /home/rivalits/Documents/res/erc_remote/install/remote2025_messages/local/lib/python3.10/dist-packages/remote2025_messages/_remote2025_messages_s.ep.rosidl_typesupport_c.c
[0.434s] -- Up-to-date: /home/rivalits/Documents/res/erc_remote/install/remote2025_messages/local/lib/python3.10/dist-packages/remote2025_messages/_remote2025_messages_s.ep.rosidl_typesupport_fastrtps_c.c
[0.434s] -- Up-to-date: /home/rivalits/Documents/res/erc_remote/install/remote2025_messages/local/lib/python3.10/dist-packages/remote2025_messages/__init__.py
[0.434s] -- Up-to-date: /home/rivalits/Documents/res/erc_remote/install/remote2025_messages/local/lib/python3.10/dist-packages/remote2025_messages/remote2025_messages_s__rosidl_typesupport_fastrtps_c.cpython-310-x86_64-linux-gnu.so
[0.434s] -- Up-to-date: /home/rivalits/Documents/res/erc_remote/install/remote2025_messages/local/lib/python3.10/dist-packages/remote2025_messages/msg
[0.435s] -- Up-to-date: /home/rivalits/Documents/res/erc_remote/install/remote2025_messages/local/lib/python3.10/dist-packages/remote2025_messages/msg/__init__.py
[0.435s] -- Up-to-date: /home/rivalits/Documents/res/erc_remote/install/remote2025_messages/local/lib/python3.10/dist-packages/remote2025_messages/msg/_read_led_s.c
[0.435s] -- Up-to-date: /home/rivalits/Documents/res/erc_remote/install/remote2025_messages/local/lib/python3.10/dist-packages/remote2025_messages/msg/_read_led.py
[0.435s] -- Up-to-date: /home/rivalits/Documents/res/erc_remote/install/remote2025_messages/local/lib/python3.10/dist-packages/remote2025_messages/libdetect_messages__rosidl_generator_py.so
[0.435s] -- Up-to-date: /home/rivalits/Documents/res/erc_remote/install/remote2025_messages/local/lib/python3.10/dist-packages/remote2025_messages/remote2025_messages_s__rosidl_typesupport_introspection_c.cpython-310-x86_64-linux-gnu.so
[0.466s] Listing '/home/rivalits/Documents/res/erc_remote/install/remote2025_messages/local/lib/python3.10/dist-packages/remote2025_messages'...
[0.466s] Listing '/home/rivalits/Documents/res/erc_remote/install/remote2025_messages/local/lib/python3.10/dist-packages/remote2025_messages/msg'...
[0.471s] -- Up-to-date: /home/rivalits/Documents/res/erc_remote/install/remote2025_messages/local/lib/python3.10/dist-packages/remote2025_messages/remote2025_messages_s__rosidl_typesupport_fastrtps_c.cpython-310-x86_64-linux-gnu.so
[0.472s] -- Up-to-date: /home/rivalits/Documents/res/erc_remote/install/remote2025_messages/local/lib/python3.10/dist-packages/remote2025_messages/remote2025_messages_s__rosidl_typesupport_introspection_c.cpython-310-x86_64-linux-gnu.so
[0.472s] -- Up-to-date: /home/rivalits/Documents/res/erc_remote/install/remote2025_messages/local/lib/python3.10/dist-packages/remote2025_messages/remote2025_messages_s__rosidl_typesupport_c.cpython-310-x86_64-linux-gnu.so
[0.472s] -- Up-to-date: /home/rivalits/Documents/res/erc_remote/install/remote2025_messages/lib/libdetect_messages__rosidl_generator_py.so
[0.473s] -- Up-to-date: /home/rivalits/Documents/res/erc_remote/install/remote2025_messages/share/remote2025_messages/msg/ReadLed.idl
[0.473s] -- Up-to-date: /home/rivalits/Documents/res/erc_remote/install/remote2025_messages/share/remote2025_messages/msg/ReadLed.msg
[0.473s] -- Up-to-date: /home/rivalits/Documents/res/erc_remote/install/remote2025_messages/share/ament_index/resource_index/package_run_dependencies/remote2025_messages
[0.473s] -- Up-to-date: /home/rivalits/Documents/res/erc_remote/install/remote2025_messages/share/ament_index/resource_index/parent_prefix_path/remote2025_messages
[0.473s] -- Up-to-date: /home/rivalits/Documents/res/erc_remote/install/remote2025_messages/share/remote2025_messages/environment/ament_prefix_path.sh
[0.473s] -- Up-to-date: /home/rivalits/Documents/res/erc_remote/install/remote2025_messages/share/remote2025_messages/environment/ament_prefix_path.dsv
[0.474s] -- Up-to-date: /home/rivalits/Documents/res/erc_remote/install/remote2025_messages/share/remote2025_messages/environment/path.sh
[0.474s] -- Up-to-date: /home/rivalits/Documents/res/erc_remote/install/remote2025_messages/share/remote2025_messages/environment/path.dsv
[0.474s] -- Up-to-date: /home/rivalits/Documents/res/erc_remote/install/remote2025_messages/share/remote2025_messages/local_setup.bash
[0.474s] -- Up-to-date: /home/rivalits/Documents/res/erc_remote/install/remote2025_messages/share/remote2025_messages/local_setup.sh
[0.475s] -- Up-to-date: /home/rivalits/Documents/res/erc_remote/install/remote2025_messages/share/remote2025_messages/local_setup.zsh
[0.475s] -- Up-to-date: /home/rivalits/Documents/res/erc_remote/install/remote2025_messages/share/remote2025_messages/local_setup.dsv
[0.475s] -- Installing: /home/rivalits/Documents/res/erc_remote/install/remote2025_messages/share/remote2025_messages/package.dsv
[0.475s] -- Up-to-date: /home/rivalits/Documents/res/erc_remote/install/remote2025_messages/share/ament_index/resource_index/packages/remote2025_messages
[0.475s] -- Up-to-date: /home/rivalits/Documents/res/erc_remote/install/remote2025_messages/share/remote2025_messages/cmake/export_detect_messages__rosidl_generator_cExport.cmake
[0.475s] -- Up-to-date: /home/rivalits/Documents/res/erc_remote/install/remote2025_messages/share/remote2025_messages/cmake/export_detect_messages__rosidl_generator_cExport-noconfig.cmake
[0.476s] -- Up-to-date: /home/rivalits/Documents/res/erc_remote/install/remote2025_messages/share/remote2025_messages/cmake/export_detect_messages__rosidl_typesupport_fastrtps_cExport.cmake
[0.476s] -- Up-to-date: /home/rivalits/Documents/res/erc_remote/install/remote2025_messages/share/remote2025_messages/cmake/export_detect_messages__rosidl_typesupport_fastrtps_cExport-noconfig.cmake
[0.476s] -- Up-to-date: /home/rivalits/Documents/res/erc_remote/install/remote2025_messages/share/remote2025_messages/cmake/export_detect_messages__rosidl_generator_cppExport.cmake
[0.476s] -- Up-to-date: /home/rivalits/Documents/res/erc_remote/install/remote2025_messages/share/remote2025_messages/cmake/export_detect_messages__rosidl_typesupport_fastrtps_cppExport.cmake
[0.476s] -- Up-to-date: /home/rivalits/Documents/res/erc_remote/install/remote2025_messages/share/remote2025_messages/cmake/export_detect_messages__rosidl_typesupport_fastrtps_cppExport-noconfig.cmake
[0.476s] -- Up-to-date: /home/rivalits/Documents/res/erc_remote/install/remote2025_messages/share/remote2025_messages/cmake/detect_messages__rosidl_typesupport_introspection_cExport.cmake
[0.476s] -- Up-to-date: /home/rivalits/Documents/res/erc_remote/install/remote2025_messages/share/remote2025_messages/cmake/detect_messages__rosidl_typesupport_introspection_cExport-noconfig.cmake
[0.476s] -- Up-to-date: /home/rivalits/Documents/res/erc_remote/install/remote2025_messages/share/remote2025_messages/cmake/detect_messages__rosidl_typesupport_cExport.cmake
[0.477s] -- Up-to-date: /home/rivalits/Documents/res/erc_remote/install/remote2025_messages/share/remote2025_messages/cmake/detect_messages__rosidl_typesupport_cExport-noconfig.cmake
[0.477s] -- Up-to-date: /home/rivalits/Documents/res/erc_remote/install/remote2025_messages/share/remote2025_messages/cmake/detect_messages__rosidl_typesupport_introspection_cppExport.cmake
[0.477s] -- Up-to-date: /home/rivalits/Documents/res/erc_remote/install/remote2025_messages/share/remote2025_messages/cmake/detect_messages__rosidl_typesupport_introspection_cppExport-noconfig.cmake
[0.477s] -- Up-to-date: /home/rivalits/Documents/res/erc_remote/install/remote2025_messages/share/remote2025_messages/cmake/detect_messages__rosidl_typesupport_cppExport.cmake
[0.477s] -- Up-to-date: /home/rivalits/Documents/res/erc_remote/install/remote2025_messages/share/remote2025_messages/cmake/detect_messages__rosidl_typesupport_cppExport-noconfig.cmake
[0.477s] -- Up-to-date: /home/rivalits/Documents/res/erc_remote/install/remote2025_messages/share/remote2025_messages/cmake/export_detect_messages__rosidl_generator_pyExport.cmake
[0.477s] -- Up-to-date: /home/rivalits/Documents/res/erc_remote/install/remote2025_messages/share/remote2025_messages/cmake/export_detect_messages__rosidl_generator_pyExport-noconfig.cmake
[0.477s] -- Up-to-date: /home/rivalits/Documents/res/erc_remote/install/remote2025_messages/share/remote2025_messages/cmake/rosidl_cmake-extras.cmake
[0.477s] -- Up-to-date: /home/rivalits/Documents/res/erc_remote/install/remote2025_messages/share/remote2025_messages/cmake/ament_cmake_export_include_directories-extras.cmake
[0.477s] -- Up-to-date: /home/rivalits/Documents/res/erc_remote/install/remote2025_messages/share/remote2025_messages/cmake/ament_cmake_export_libraries-extras.cmake
[0.478s] -- Up-to-date: /home/rivalits/Documents/res/erc_remote/install/remote2025_messages/share/remote2025_messages/cmake/ament_cmake_export_targets-extras.cmake
[0.478s] -- Up-to-date: /home/rivalits/Documents/res/erc_remote/install/remote2025_messages/share/remote2025_messages/cmake/rosidl_cmake_export_typesupport_targets-extras.cmake
[0.478s] -- Up-to-date: /home/rivalits/Documents/res/erc_remote/install/remote2025_messages/share/remote2025_messages/cmake/ament_cmake_export_dependencies-extras.cmake
[0.479s] -- Up-to-date: /home/rivalits/Documents/res/erc_remote/install/remote2025_messages/share/remote2025_messages/cmake/rosidl_cmake_export_typesupport_libraries-extras.cmake
[0.479s] -- Up-to-date: /home/rivalits/Documents/res/erc_remote/install/remote2025_messages/share/remote2025_messages/cmake/remote2025_messagesConfig.cmake
[0.479s] -- Up-to-date: /home/rivalits/Documents/res/erc_remote/install/remote2025_messages/share/remote2025_messages/cmake/remote2025_messagesConfig-version.cmake
[0.479s] -- Up-to-date: /home/rivalits/Documents/res/erc_remote/install/remote2025_messages/share/remote2025_messages/package.xml
