[  3%] Built target detect_messages__cpp
[ 12%] Built target detect_messages__rosidl_generator_c
[ 12%] Built target ament_cmake_python_copy_remote2025_messages
[ 22%] Built target detect_messages__rosidl_typesupport_fastrtps_cpp
[ 32%] Built target detect_messages__rosidl_typesupport_c
[ 41%] Built target detect_messages__rosidl_typesupport_fastrtps_c
[ 64%] Built target detect_messages__rosidl_typesupport_introspection_cpp
[ 64%] Built target detect_messages__rosidl_typesupport_introspection_c
[ 70%] Built target detect_messages__rosidl_typesupport_cpp
[ 70%] Built target detect_messages
[ 74%] Built target detect_messages__py
[ 80%] Built target detect_messages__rosidl_generator_py
[ 87%] Built target remote2025_messages__rosidl_typesupport_introspection_c__pyext
[100%] Built target remote2025_messages__rosidl_typesupport_fastrtps_c__pyext
[100%] Built target remote2025_messages__rosidl_typesupport_c__pyext
running egg_info
writing remote2025_messages.egg-info/PKG-INFO
writing dependency_links to remote2025_messages.egg-info/dependency_links.txt
writing top-level names to remote2025_messages.egg-info/top_level.txt
reading manifest file 'remote2025_messages.egg-info/SOURCES.txt'
writing manifest file 'remote2025_messages.egg-info/SOURCES.txt'
[100%] Built target ament_cmake_python_build_remote2025_messages_egg
-- Install configuration: ""
-- Up-to-date: /home/rivalits/Documents/res/erc_remote/install/remote2025_messages/share/ament_index/resource_index/rosidl_interfaces/remote2025_messages
-- Up-to-date: /home/rivalits/Documents/res/erc_remote/install/remote2025_messages/include/remote2025_messages/remote2025_messages
-- Up-to-date: /home/rivalits/Documents/res/erc_remote/install/remote2025_messages/include/remote2025_messages/remote2025_messages/msg
-- Up-to-date: /home/rivalits/Documents/res/erc_remote/install/remote2025_messages/include/remote2025_messages/remote2025_messages/msg/read_led.h
-- Up-to-date: /home/rivalits/Documents/res/erc_remote/install/remote2025_messages/include/remote2025_messages/remote2025_messages/msg/rosidl_generator_c__visibility_control.h
-- Up-to-date: /home/rivalits/Documents/res/erc_remote/install/remote2025_messages/include/remote2025_messages/remote2025_messages/msg/detail
-- Up-to-date: /home/rivalits/Documents/res/erc_remote/install/remote2025_messages/include/remote2025_messages/remote2025_messages/msg/detail/read_led__functions.c
-- Up-to-date: /home/rivalits/Documents/res/erc_remote/install/remote2025_messages/include/remote2025_messages/remote2025_messages/msg/detail/read_led__functions.h
-- Up-to-date: /home/rivalits/Documents/res/erc_remote/install/remote2025_messages/include/remote2025_messages/remote2025_messages/msg/detail/read_led__struct.h
-- Up-to-date: /home/rivalits/Documents/res/erc_remote/install/remote2025_messages/include/remote2025_messages/remote2025_messages/msg/detail/read_led__type_support.h
-- Up-to-date: /home/rivalits/Documents/res/erc_remote/install/remote2025_messages/share/remote2025_messages/environment/library_path.sh
-- Up-to-date: /home/rivalits/Documents/res/erc_remote/install/remote2025_messages/share/remote2025_messages/environment/library_path.dsv
-- Up-to-date: /home/rivalits/Documents/res/erc_remote/install/remote2025_messages/lib/libdetect_messages__rosidl_generator_c.so
-- Up-to-date: /home/rivalits/Documents/res/erc_remote/install/remote2025_messages/include/remote2025_messages/remote2025_messages
-- Up-to-date: /home/rivalits/Documents/res/erc_remote/install/remote2025_messages/include/remote2025_messages/remote2025_messages/msg
-- Up-to-date: /home/rivalits/Documents/res/erc_remote/install/remote2025_messages/include/remote2025_messages/remote2025_messages/msg/rosidl_typesupport_fastrtps_c__visibility_control.h
-- Up-to-date: /home/rivalits/Documents/res/erc_remote/install/remote2025_messages/include/remote2025_messages/remote2025_messages/msg/detail
-- Up-to-date: /home/rivalits/Documents/res/erc_remote/install/remote2025_messages/include/remote2025_messages/remote2025_messages/msg/detail/read_led__rosidl_typesupport_fastrtps_c.h
-- Up-to-date: /home/rivalits/Documents/res/erc_remote/install/remote2025_messages/lib/libdetect_messages__rosidl_typesupport_fastrtps_c.so
-- Up-to-date: /home/rivalits/Documents/res/erc_remote/install/remote2025_messages/include/remote2025_messages/remote2025_messages
-- Up-to-date: /home/rivalits/Documents/res/erc_remote/install/remote2025_messages/include/remote2025_messages/remote2025_messages/msg
-- Up-to-date: /home/rivalits/Documents/res/erc_remote/install/remote2025_messages/include/remote2025_messages/remote2025_messages/msg/read_led.hpp
-- Up-to-date: /home/rivalits/Documents/res/erc_remote/install/remote2025_messages/include/remote2025_messages/remote2025_messages/msg/rosidl_generator_cpp__visibility_control.hpp
-- Up-to-date: /home/rivalits/Documents/res/erc_remote/install/remote2025_messages/include/remote2025_messages/remote2025_messages/msg/detail
-- Up-to-date: /home/rivalits/Documents/res/erc_remote/install/remote2025_messages/include/remote2025_messages/remote2025_messages/msg/detail/read_led__struct.hpp
-- Up-to-date: /home/rivalits/Documents/res/erc_remote/install/remote2025_messages/include/remote2025_messages/remote2025_messages/msg/detail/read_led__type_support.hpp
-- Up-to-date: /home/rivalits/Documents/res/erc_remote/install/remote2025_messages/include/remote2025_messages/remote2025_messages/msg/detail/read_led__traits.hpp
-- Up-to-date: /home/rivalits/Documents/res/erc_remote/install/remote2025_messages/include/remote2025_messages/remote2025_messages/msg/detail/read_led__builder.hpp
-- Up-to-date: /home/rivalits/Documents/res/erc_remote/install/remote2025_messages/include/remote2025_messages/remote2025_messages
-- Up-to-date: /home/rivalits/Documents/res/erc_remote/install/remote2025_messages/include/remote2025_messages/remote2025_messages/msg
-- Up-to-date: /home/rivalits/Documents/res/erc_remote/install/remote2025_messages/include/remote2025_messages/remote2025_messages/msg/rosidl_typesupport_fastrtps_cpp__visibility_control.h
-- Up-to-date: /home/rivalits/Documents/res/erc_remote/install/remote2025_messages/include/remote2025_messages/remote2025_messages/msg/detail
-- Up-to-date: /home/rivalits/Documents/res/erc_remote/install/remote2025_messages/include/remote2025_messages/remote2025_messages/msg/detail/read_led__rosidl_typesupport_fastrtps_cpp.hpp
-- Up-to-date: /home/rivalits/Documents/res/erc_remote/install/remote2025_messages/include/remote2025_messages/remote2025_messages/msg/detail/dds_fastrtps
-- Up-to-date: /home/rivalits/Documents/res/erc_remote/install/remote2025_messages/lib/libdetect_messages__rosidl_typesupport_fastrtps_cpp.so
-- Up-to-date: /home/rivalits/Documents/res/erc_remote/install/remote2025_messages/include/remote2025_messages/remote2025_messages
-- Up-to-date: /home/rivalits/Documents/res/erc_remote/install/remote2025_messages/include/remote2025_messages/remote2025_messages/msg
-- Up-to-date: /home/rivalits/Documents/res/erc_remote/install/remote2025_messages/include/remote2025_messages/remote2025_messages/msg/rosidl_typesupport_introspection_c__visibility_control.h
-- Up-to-date: /home/rivalits/Documents/res/erc_remote/install/remote2025_messages/include/remote2025_messages/remote2025_messages/msg/detail
-- Up-to-date: /home/rivalits/Documents/res/erc_remote/install/remote2025_messages/include/remote2025_messages/remote2025_messages/msg/detail/read_led__type_support.c
-- Up-to-date: /home/rivalits/Documents/res/erc_remote/install/remote2025_messages/include/remote2025_messages/remote2025_messages/msg/detail/read_led__rosidl_typesupport_introspection_c.h
-- Up-to-date: /home/rivalits/Documents/res/erc_remote/install/remote2025_messages/lib/libdetect_messages__rosidl_typesupport_introspection_c.so
-- Up-to-date: /home/rivalits/Documents/res/erc_remote/install/remote2025_messages/lib/libdetect_messages__rosidl_typesupport_c.so
-- Up-to-date: /home/rivalits/Documents/res/erc_remote/install/remote2025_messages/include/remote2025_messages/remote2025_messages
-- Up-to-date: /home/rivalits/Documents/res/erc_remote/install/remote2025_messages/include/remote2025_messages/remote2025_messages/msg
-- Up-to-date: /home/rivalits/Documents/res/erc_remote/install/remote2025_messages/include/remote2025_messages/remote2025_messages/msg/detail
-- Up-to-date: /home/rivalits/Documents/res/erc_remote/install/remote2025_messages/include/remote2025_messages/remote2025_messages/msg/detail/read_led__type_support.cpp
-- Up-to-date: /home/rivalits/Documents/res/erc_remote/install/remote2025_messages/include/remote2025_messages/remote2025_messages/msg/detail/read_led__rosidl_typesupport_introspection_cpp.hpp
-- Up-to-date: /home/rivalits/Documents/res/erc_remote/install/remote2025_messages/lib/libdetect_messages__rosidl_typesupport_introspection_cpp.so
-- Up-to-date: /home/rivalits/Documents/res/erc_remote/install/remote2025_messages/lib/libdetect_messages__rosidl_typesupport_cpp.so
-- Up-to-date: /home/rivalits/Documents/res/erc_remote/install/remote2025_messages/share/remote2025_messages/environment/pythonpath.sh
-- Up-to-date: /home/rivalits/Documents/res/erc_remote/install/remote2025_messages/share/remote2025_messages/environment/pythonpath.dsv
-- Up-to-date: /home/rivalits/Documents/res/erc_remote/install/remote2025_messages/local/lib/python3.10/dist-packages/remote2025_messages-0.0.0-py3.10.egg-info
-- Installing: /home/rivalits/Documents/res/erc_remote/install/remote2025_messages/local/lib/python3.10/dist-packages/remote2025_messages-0.0.0-py3.10.egg-info/dependency_links.txt
-- Installing: /home/rivalits/Documents/res/erc_remote/install/remote2025_messages/local/lib/python3.10/dist-packages/remote2025_messages-0.0.0-py3.10.egg-info/top_level.txt
-- Installing: /home/rivalits/Documents/res/erc_remote/install/remote2025_messages/local/lib/python3.10/dist-packages/remote2025_messages-0.0.0-py3.10.egg-info/PKG-INFO
-- Installing: /home/rivalits/Documents/res/erc_remote/install/remote2025_messages/local/lib/python3.10/dist-packages/remote2025_messages-0.0.0-py3.10.egg-info/SOURCES.txt
-- Up-to-date: /home/rivalits/Documents/res/erc_remote/install/remote2025_messages/local/lib/python3.10/dist-packages/remote2025_messages
-- Up-to-date: /home/rivalits/Documents/res/erc_remote/install/remote2025_messages/local/lib/python3.10/dist-packages/remote2025_messages/remote2025_messages_s__rosidl_typesupport_c.cpython-310-x86_64-linux-gnu.so
-- Up-to-date: /home/rivalits/Documents/res/erc_remote/install/remote2025_messages/local/lib/python3.10/dist-packages/remote2025_messages/_remote2025_messages_s.ep.rosidl_typesupport_introspection_c.c
-- Up-to-date: /home/rivalits/Documents/res/erc_remote/install/remote2025_messages/local/lib/python3.10/dist-packages/remote2025_messages/_remote2025_messages_s.ep.rosidl_typesupport_c.c
-- Up-to-date: /home/rivalits/Documents/res/erc_remote/install/remote2025_messages/local/lib/python3.10/dist-packages/remote2025_messages/_remote2025_messages_s.ep.rosidl_typesupport_fastrtps_c.c
-- Up-to-date: /home/rivalits/Documents/res/erc_remote/install/remote2025_messages/local/lib/python3.10/dist-packages/remote2025_messages/__init__.py
-- Up-to-date: /home/rivalits/Documents/res/erc_remote/install/remote2025_messages/local/lib/python3.10/dist-packages/remote2025_messages/remote2025_messages_s__rosidl_typesupport_fastrtps_c.cpython-310-x86_64-linux-gnu.so
-- Up-to-date: /home/rivalits/Documents/res/erc_remote/install/remote2025_messages/local/lib/python3.10/dist-packages/remote2025_messages/msg
-- Up-to-date: /home/rivalits/Documents/res/erc_remote/install/remote2025_messages/local/lib/python3.10/dist-packages/remote2025_messages/msg/__init__.py
-- Up-to-date: /home/rivalits/Documents/res/erc_remote/install/remote2025_messages/local/lib/python3.10/dist-packages/remote2025_messages/msg/_read_led_s.c
-- Up-to-date: /home/rivalits/Documents/res/erc_remote/install/remote2025_messages/local/lib/python3.10/dist-packages/remote2025_messages/msg/_read_led.py
-- Up-to-date: /home/rivalits/Documents/res/erc_remote/install/remote2025_messages/local/lib/python3.10/dist-packages/remote2025_messages/libdetect_messages__rosidl_generator_py.so
-- Up-to-date: /home/rivalits/Documents/res/erc_remote/install/remote2025_messages/local/lib/python3.10/dist-packages/remote2025_messages/remote2025_messages_s__rosidl_typesupport_introspection_c.cpython-310-x86_64-linux-gnu.so
Listing '/home/rivalits/Documents/res/erc_remote/install/remote2025_messages/local/lib/python3.10/dist-packages/remote2025_messages'...
Listing '/home/rivalits/Documents/res/erc_remote/install/remote2025_messages/local/lib/python3.10/dist-packages/remote2025_messages/msg'...
-- Up-to-date: /home/rivalits/Documents/res/erc_remote/install/remote2025_messages/local/lib/python3.10/dist-packages/remote2025_messages/remote2025_messages_s__rosidl_typesupport_fastrtps_c.cpython-310-x86_64-linux-gnu.so
-- Up-to-date: /home/rivalits/Documents/res/erc_remote/install/remote2025_messages/local/lib/python3.10/dist-packages/remote2025_messages/remote2025_messages_s__rosidl_typesupport_introspection_c.cpython-310-x86_64-linux-gnu.so
-- Up-to-date: /home/rivalits/Documents/res/erc_remote/install/remote2025_messages/local/lib/python3.10/dist-packages/remote2025_messages/remote2025_messages_s__rosidl_typesupport_c.cpython-310-x86_64-linux-gnu.so
-- Up-to-date: /home/rivalits/Documents/res/erc_remote/install/remote2025_messages/lib/libdetect_messages__rosidl_generator_py.so
-- Up-to-date: /home/rivalits/Documents/res/erc_remote/install/remote2025_messages/share/remote2025_messages/msg/ReadLed.idl
-- Up-to-date: /home/rivalits/Documents/res/erc_remote/install/remote2025_messages/share/remote2025_messages/msg/ReadLed.msg
-- Up-to-date: /home/rivalits/Documents/res/erc_remote/install/remote2025_messages/share/ament_index/resource_index/package_run_dependencies/remote2025_messages
-- Up-to-date: /home/rivalits/Documents/res/erc_remote/install/remote2025_messages/share/ament_index/resource_index/parent_prefix_path/remote2025_messages
-- Up-to-date: /home/rivalits/Documents/res/erc_remote/install/remote2025_messages/share/remote2025_messages/environment/ament_prefix_path.sh
-- Up-to-date: /home/rivalits/Documents/res/erc_remote/install/remote2025_messages/share/remote2025_messages/environment/ament_prefix_path.dsv
-- Up-to-date: /home/rivalits/Documents/res/erc_remote/install/remote2025_messages/share/remote2025_messages/environment/path.sh
-- Up-to-date: /home/rivalits/Documents/res/erc_remote/install/remote2025_messages/share/remote2025_messages/environment/path.dsv
-- Up-to-date: /home/rivalits/Documents/res/erc_remote/install/remote2025_messages/share/remote2025_messages/local_setup.bash
-- Up-to-date: /home/rivalits/Documents/res/erc_remote/install/remote2025_messages/share/remote2025_messages/local_setup.sh
-- Up-to-date: /home/rivalits/Documents/res/erc_remote/install/remote2025_messages/share/remote2025_messages/local_setup.zsh
-- Up-to-date: /home/rivalits/Documents/res/erc_remote/install/remote2025_messages/share/remote2025_messages/local_setup.dsv
-- Installing: /home/rivalits/Documents/res/erc_remote/install/remote2025_messages/share/remote2025_messages/package.dsv
-- Up-to-date: /home/rivalits/Documents/res/erc_remote/install/remote2025_messages/share/ament_index/resource_index/packages/remote2025_messages
-- Up-to-date: /home/rivalits/Documents/res/erc_remote/install/remote2025_messages/share/remote2025_messages/cmake/export_detect_messages__rosidl_generator_cExport.cmake
-- Up-to-date: /home/rivalits/Documents/res/erc_remote/install/remote2025_messages/share/remote2025_messages/cmake/export_detect_messages__rosidl_generator_cExport-noconfig.cmake
-- Up-to-date: /home/rivalits/Documents/res/erc_remote/install/remote2025_messages/share/remote2025_messages/cmake/export_detect_messages__rosidl_typesupport_fastrtps_cExport.cmake
-- Up-to-date: /home/rivalits/Documents/res/erc_remote/install/remote2025_messages/share/remote2025_messages/cmake/export_detect_messages__rosidl_typesupport_fastrtps_cExport-noconfig.cmake
-- Up-to-date: /home/rivalits/Documents/res/erc_remote/install/remote2025_messages/share/remote2025_messages/cmake/export_detect_messages__rosidl_generator_cppExport.cmake
-- Up-to-date: /home/rivalits/Documents/res/erc_remote/install/remote2025_messages/share/remote2025_messages/cmake/export_detect_messages__rosidl_typesupport_fastrtps_cppExport.cmake
-- Up-to-date: /home/rivalits/Documents/res/erc_remote/install/remote2025_messages/share/remote2025_messages/cmake/export_detect_messages__rosidl_typesupport_fastrtps_cppExport-noconfig.cmake
-- Up-to-date: /home/rivalits/Documents/res/erc_remote/install/remote2025_messages/share/remote2025_messages/cmake/detect_messages__rosidl_typesupport_introspection_cExport.cmake
-- Up-to-date: /home/rivalits/Documents/res/erc_remote/install/remote2025_messages/share/remote2025_messages/cmake/detect_messages__rosidl_typesupport_introspection_cExport-noconfig.cmake
-- Up-to-date: /home/rivalits/Documents/res/erc_remote/install/remote2025_messages/share/remote2025_messages/cmake/detect_messages__rosidl_typesupport_cExport.cmake
-- Up-to-date: /home/rivalits/Documents/res/erc_remote/install/remote2025_messages/share/remote2025_messages/cmake/detect_messages__rosidl_typesupport_cExport-noconfig.cmake
-- Up-to-date: /home/rivalits/Documents/res/erc_remote/install/remote2025_messages/share/remote2025_messages/cmake/detect_messages__rosidl_typesupport_introspection_cppExport.cmake
-- Up-to-date: /home/rivalits/Documents/res/erc_remote/install/remote2025_messages/share/remote2025_messages/cmake/detect_messages__rosidl_typesupport_introspection_cppExport-noconfig.cmake
-- Up-to-date: /home/rivalits/Documents/res/erc_remote/install/remote2025_messages/share/remote2025_messages/cmake/detect_messages__rosidl_typesupport_cppExport.cmake
-- Up-to-date: /home/rivalits/Documents/res/erc_remote/install/remote2025_messages/share/remote2025_messages/cmake/detect_messages__rosidl_typesupport_cppExport-noconfig.cmake
-- Up-to-date: /home/rivalits/Documents/res/erc_remote/install/remote2025_messages/share/remote2025_messages/cmake/export_detect_messages__rosidl_generator_pyExport.cmake
-- Up-to-date: /home/rivalits/Documents/res/erc_remote/install/remote2025_messages/share/remote2025_messages/cmake/export_detect_messages__rosidl_generator_pyExport-noconfig.cmake
-- Up-to-date: /home/rivalits/Documents/res/erc_remote/install/remote2025_messages/share/remote2025_messages/cmake/rosidl_cmake-extras.cmake
-- Up-to-date: /home/rivalits/Documents/res/erc_remote/install/remote2025_messages/share/remote2025_messages/cmake/ament_cmake_export_include_directories-extras.cmake
-- Up-to-date: /home/rivalits/Documents/res/erc_remote/install/remote2025_messages/share/remote2025_messages/cmake/ament_cmake_export_libraries-extras.cmake
-- Up-to-date: /home/rivalits/Documents/res/erc_remote/install/remote2025_messages/share/remote2025_messages/cmake/ament_cmake_export_targets-extras.cmake
-- Up-to-date: /home/rivalits/Documents/res/erc_remote/install/remote2025_messages/share/remote2025_messages/cmake/rosidl_cmake_export_typesupport_targets-extras.cmake
-- Up-to-date: /home/rivalits/Documents/res/erc_remote/install/remote2025_messages/share/remote2025_messages/cmake/ament_cmake_export_dependencies-extras.cmake
-- Up-to-date: /home/rivalits/Documents/res/erc_remote/install/remote2025_messages/share/remote2025_messages/cmake/rosidl_cmake_export_typesupport_libraries-extras.cmake
-- Up-to-date: /home/rivalits/Documents/res/erc_remote/install/remote2025_messages/share/remote2025_messages/cmake/remote2025_messagesConfig.cmake
-- Up-to-date: /home/rivalits/Documents/res/erc_remote/install/remote2025_messages/share/remote2025_messages/cmake/remote2025_messagesConfig-version.cmake
-- Up-to-date: /home/rivalits/Documents/res/erc_remote/install/remote2025_messages/share/remote2025_messages/package.xml
