[0.008s] Invoking command in '/home/rivalits/Documents/res/erc_remote/build/remote2025_messages': CMAKE_PREFIX_PATH=/opt/ros/humble /usr/bin/cmake --build /home/rivalits/Documents/res/erc_remote/build/remote2025_messages -- -j12 -l12
[0.066s] [  3%] Built target detect_messages__cpp
[0.068s] [ 12%] Built target detect_messages__rosidl_generator_c
[0.077s] [ 12%] Built target ament_cmake_python_copy_remote2025_messages
[0.092s] [ 22%] Built target detect_messages__rosidl_typesupport_fastrtps_cpp
[0.094s] [ 32%] Built target detect_messages__rosidl_typesupport_c
[0.096s] [ 41%] Built target detect_messages__rosidl_typesupport_fastrtps_c
[0.097s] [ 64%] Built target detect_messages__rosidl_typesupport_introspection_cpp
[0.097s] [ 64%] Built target detect_messages__rosidl_typesupport_introspection_c
[0.097s] [ 70%] Built target detect_messages__rosidl_typesupport_cpp
[0.124s] [ 70%] Built target detect_messages
[0.147s] [ 74%] Built target detect_messages__py
[0.172s] [ 80%] Built target detect_messages__rosidl_generator_py
[0.200s] [ 87%] Built target remote2025_messages__rosidl_typesupport_introspection_c__pyext
[0.200s] [100%] Built target remote2025_messages__rosidl_typesupport_fastrtps_c__pyext
[0.200s] [100%] Built target remote2025_messages__rosidl_typesupport_c__pyext
[0.294s] running egg_info
[0.295s] writing remote2025_messages.egg-info/PKG-INFO
[0.295s] writing dependency_links to remote2025_messages.egg-info/dependency_links.txt
[0.295s] writing top-level names to remote2025_messages.egg-info/top_level.txt
[0.297s] reading manifest file 'remote2025_messages.egg-info/SOURCES.txt'
[0.298s] writing manifest file 'remote2025_messages.egg-info/SOURCES.txt'
[0.319s] [100%] Built target ament_cmake_python_build_remote2025_messages_egg
[0.332s] Invoked command in '/home/rivalits/Documents/res/erc_remote/build/remote2025_messages' returned '0': CMAKE_PREFIX_PATH=/opt/ros/humble /usr/bin/cmake --build /home/rivalits/Documents/res/erc_remote/build/remote2025_messages -- -j12 -l12
[0.343s] Invoking command in '/home/rivalits/Documents/res/erc_remote/build/remote2025_messages': CMAKE_PREFIX_PATH=/opt/ros/humble /usr/bin/cmake --install /home/rivalits/Documents/res/erc_remote/build/remote2025_messages
[0.350s] -- Install configuration: ""
[0.350s] -- Up-to-date: /home/rivalits/Documents/res/erc_remote/install/remote2025_messages/share/ament_index/resource_index/rosidl_interfaces/remote2025_messages
[0.350s] -- Up-to-date: /home/rivalits/Documents/res/erc_remote/install/remote2025_messages/include/remote2025_messages/remote2025_messages
[0.351s] -- Up-to-date: /home/rivalits/Documents/res/erc_remote/install/remote2025_messages/include/remote2025_messages/remote2025_messages/msg
[0.351s] -- Up-to-date: /home/rivalits/Documents/res/erc_remote/install/remote2025_messages/include/remote2025_messages/remote2025_messages/msg/read_led.h
[0.351s] -- Up-to-date: /home/rivalits/Documents/res/erc_remote/install/remote2025_messages/include/remote2025_messages/remote2025_messages/msg/rosidl_generator_c__visibility_control.h
[0.351s] -- Up-to-date: /home/rivalits/Documents/res/erc_remote/install/remote2025_messages/include/remote2025_messages/remote2025_messages/msg/detail
[0.351s] -- Up-to-date: /home/rivalits/Documents/res/erc_remote/install/remote2025_messages/include/remote2025_messages/remote2025_messages/msg/detail/read_led__functions.c
[0.351s] -- Up-to-date: /home/rivalits/Documents/res/erc_remote/install/remote2025_messages/include/remote2025_messages/remote2025_messages/msg/detail/read_led__functions.h
[0.351s] -- Up-to-date: /home/rivalits/Documents/res/erc_remote/install/remote2025_messages/include/remote2025_messages/remote2025_messages/msg/detail/read_led__struct.h
[0.351s] -- Up-to-date: /home/rivalits/Documents/res/erc_remote/install/remote2025_messages/include/remote2025_messages/remote2025_messages/msg/detail/read_led__type_support.h
[0.352s] -- Up-to-date: /home/rivalits/Documents/res/erc_remote/install/remote2025_messages/share/remote2025_messages/environment/library_path.sh
[0.352s] -- Up-to-date: /home/rivalits/Documents/res/erc_remote/install/remote2025_messages/share/remote2025_messages/environment/library_path.dsv
[0.352s] -- Up-to-date: /home/rivalits/Documents/res/erc_remote/install/remote2025_messages/lib/libdetect_messages__rosidl_generator_c.so
[0.352s] -- Up-to-date: /home/rivalits/Documents/res/erc_remote/install/remote2025_messages/include/remote2025_messages/remote2025_messages
[0.352s] -- Up-to-date: /home/rivalits/Documents/res/erc_remote/install/remote2025_messages/include/remote2025_messages/remote2025_messages/msg
[0.352s] -- Up-to-date: /home/rivalits/Documents/res/erc_remote/install/remote2025_messages/include/remote2025_messages/remote2025_messages/msg/rosidl_typesupport_fastrtps_c__visibility_control.h
[0.352s] -- Up-to-date: /home/rivalits/Documents/res/erc_remote/install/remote2025_messages/include/remote2025_messages/remote2025_messages/msg/detail
[0.352s] -- Up-to-date: /home/rivalits/Documents/res/erc_remote/install/remote2025_messages/include/remote2025_messages/remote2025_messages/msg/detail/read_led__rosidl_typesupport_fastrtps_c.h
[0.353s] -- Up-to-date: /home/rivalits/Documents/res/erc_remote/install/remote2025_messages/lib/libdetect_messages__rosidl_typesupport_fastrtps_c.so
[0.353s] -- Up-to-date: /home/rivalits/Documents/res/erc_remote/install/remote2025_messages/include/remote2025_messages/remote2025_messages
[0.353s] -- Up-to-date: /home/rivalits/Documents/res/erc_remote/install/remote2025_messages/include/remote2025_messages/remote2025_messages/msg
[0.353s] -- Up-to-date: /home/rivalits/Documents/res/erc_remote/install/remote2025_messages/include/remote2025_messages/remote2025_messages/msg/read_led.hpp
[0.353s] -- Up-to-date: /home/rivalits/Documents/res/erc_remote/install/remote2025_messages/include/remote2025_messages/remote2025_messages/msg/rosidl_generator_cpp__visibility_control.hpp
[0.353s] -- Up-to-date: /home/rivalits/Documents/res/erc_remote/install/remote2025_messages/include/remote2025_messages/remote2025_messages/msg/detail
[0.353s] -- Up-to-date: /home/rivalits/Documents/res/erc_remote/install/remote2025_messages/include/remote2025_messages/remote2025_messages/msg/detail/read_led__struct.hpp
[0.353s] -- Up-to-date: /home/rivalits/Documents/res/erc_remote/install/remote2025_messages/include/remote2025_messages/remote2025_messages/msg/detail/read_led__type_support.hpp
[0.353s] -- Up-to-date: /home/rivalits/Documents/res/erc_remote/install/remote2025_messages/include/remote2025_messages/remote2025_messages/msg/detail/read_led__traits.hpp
[0.353s] -- Up-to-date: /home/rivalits/Documents/res/erc_remote/install/remote2025_messages/include/remote2025_messages/remote2025_messages/msg/detail/read_led__builder.hpp
[0.354s] -- Up-to-date: /home/rivalits/Documents/res/erc_remote/install/remote2025_messages/include/remote2025_messages/remote2025_messages
[0.354s] -- Up-to-date: /home/rivalits/Documents/res/erc_remote/install/remote2025_messages/include/remote2025_messages/remote2025_messages/msg
[0.354s] -- Up-to-date: /home/rivalits/Documents/res/erc_remote/install/remote2025_messages/include/remote2025_messages/remote2025_messages/msg/rosidl_typesupport_fastrtps_cpp__visibility_control.h
[0.354s] -- Up-to-date: /home/rivalits/Documents/res/erc_remote/install/remote2025_messages/include/remote2025_messages/remote2025_messages/msg/detail
[0.354s] -- Up-to-date: /home/rivalits/Documents/res/erc_remote/install/remote2025_messages/include/remote2025_messages/remote2025_messages/msg/detail/read_led__rosidl_typesupport_fastrtps_cpp.hpp
[0.354s] -- Up-to-date: /home/rivalits/Documents/res/erc_remote/install/remote2025_messages/include/remote2025_messages/remote2025_messages/msg/detail/dds_fastrtps
[0.354s] -- Up-to-date: /home/rivalits/Documents/res/erc_remote/install/remote2025_messages/lib/libdetect_messages__rosidl_typesupport_fastrtps_cpp.so
[0.354s] -- Up-to-date: /home/rivalits/Documents/res/erc_remote/install/remote2025_messages/include/remote2025_messages/remote2025_messages
[0.354s] -- Up-to-date: /home/rivalits/Documents/res/erc_remote/install/remote2025_messages/include/remote2025_messages/remote2025_messages/msg
[0.354s] -- Up-to-date: /home/rivalits/Documents/res/erc_remote/install/remote2025_messages/include/remote2025_messages/remote2025_messages/msg/rosidl_typesupport_introspection_c__visibility_control.h
[0.354s] -- Up-to-date: /home/rivalits/Documents/res/erc_remote/install/remote2025_messages/include/remote2025_messages/remote2025_messages/msg/detail
[0.355s] -- Up-to-date: /home/rivalits/Documents/res/erc_remote/install/remote2025_messages/include/remote2025_messages/remote2025_messages/msg/detail/read_led__type_support.c
[0.355s] -- Up-to-date: /home/rivalits/Documents/res/erc_remote/install/remote2025_messages/include/remote2025_messages/remote2025_messages/msg/detail/read_led__rosidl_typesupport_introspection_c.h
[0.355s] -- Up-to-date: /home/rivalits/Documents/res/erc_remote/install/remote2025_messages/lib/libdetect_messages__rosidl_typesupport_introspection_c.so
[0.355s] -- Up-to-date: /home/rivalits/Documents/res/erc_remote/install/remote2025_messages/lib/libdetect_messages__rosidl_typesupport_c.so
[0.355s] -- Up-to-date: /home/rivalits/Documents/res/erc_remote/install/remote2025_messages/include/remote2025_messages/remote2025_messages
[0.355s] -- Up-to-date: /home/rivalits/Documents/res/erc_remote/install/remote2025_messages/include/remote2025_messages/remote2025_messages/msg
[0.355s] -- Up-to-date: /home/rivalits/Documents/res/erc_remote/install/remote2025_messages/include/remote2025_messages/remote2025_messages/msg/detail
[0.355s] -- Up-to-date: /home/rivalits/Documents/res/erc_remote/install/remote2025_messages/include/remote2025_messages/remote2025_messages/msg/detail/read_led__type_support.cpp
[0.355s] -- Up-to-date: /home/rivalits/Documents/res/erc_remote/install/remote2025_messages/include/remote2025_messages/remote2025_messages/msg/detail/read_led__rosidl_typesupport_introspection_cpp.hpp
[0.355s] -- Up-to-date: /home/rivalits/Documents/res/erc_remote/install/remote2025_messages/lib/libdetect_messages__rosidl_typesupport_introspection_cpp.so
[0.355s] -- Up-to-date: /home/rivalits/Documents/res/erc_remote/install/remote2025_messages/lib/libdetect_messages__rosidl_typesupport_cpp.so
[0.356s] -- Up-to-date: /home/rivalits/Documents/res/erc_remote/install/remote2025_messages/share/remote2025_messages/environment/pythonpath.sh
[0.356s] -- Up-to-date: /home/rivalits/Documents/res/erc_remote/install/remote2025_messages/share/remote2025_messages/environment/pythonpath.dsv
[0.356s] -- Up-to-date: /home/rivalits/Documents/res/erc_remote/install/remote2025_messages/local/lib/python3.10/dist-packages/remote2025_messages-0.0.0-py3.10.egg-info
[0.356s] -- Installing: /home/rivalits/Documents/res/erc_remote/install/remote2025_messages/local/lib/python3.10/dist-packages/remote2025_messages-0.0.0-py3.10.egg-info/dependency_links.txt
[0.356s] -- Installing: /home/rivalits/Documents/res/erc_remote/install/remote2025_messages/local/lib/python3.10/dist-packages/remote2025_messages-0.0.0-py3.10.egg-info/top_level.txt
[0.356s] -- Installing: /home/rivalits/Documents/res/erc_remote/install/remote2025_messages/local/lib/python3.10/dist-packages/remote2025_messages-0.0.0-py3.10.egg-info/PKG-INFO
[0.356s] -- Installing: /home/rivalits/Documents/res/erc_remote/install/remote2025_messages/local/lib/python3.10/dist-packages/remote2025_messages-0.0.0-py3.10.egg-info/SOURCES.txt
[0.356s] -- Up-to-date: /home/rivalits/Documents/res/erc_remote/install/remote2025_messages/local/lib/python3.10/dist-packages/remote2025_messages
[0.356s] -- Up-to-date: /home/rivalits/Documents/res/erc_remote/install/remote2025_messages/local/lib/python3.10/dist-packages/remote2025_messages/remote2025_messages_s__rosidl_typesupport_c.cpython-310-x86_64-linux-gnu.so
[0.356s] -- Up-to-date: /home/rivalits/Documents/res/erc_remote/install/remote2025_messages/local/lib/python3.10/dist-packages/remote2025_messages/_remote2025_messages_s.ep.rosidl_typesupport_introspection_c.c
[0.356s] -- Up-to-date: /home/rivalits/Documents/res/erc_remote/install/remote2025_messages/local/lib/python3.10/dist-packages/remote2025_messages/_remote2025_messages_s.ep.rosidl_typesupport_c.c
[0.357s] -- Up-to-date: /home/rivalits/Documents/res/erc_remote/install/remote2025_messages/local/lib/python3.10/dist-packages/remote2025_messages/_remote2025_messages_s.ep.rosidl_typesupport_fastrtps_c.c
[0.357s] -- Up-to-date: /home/rivalits/Documents/res/erc_remote/install/remote2025_messages/local/lib/python3.10/dist-packages/remote2025_messages/__init__.py
[0.357s] -- Up-to-date: /home/rivalits/Documents/res/erc_remote/install/remote2025_messages/local/lib/python3.10/dist-packages/remote2025_messages/remote2025_messages_s__rosidl_typesupport_fastrtps_c.cpython-310-x86_64-linux-gnu.so
[0.357s] -- Up-to-date: /home/rivalits/Documents/res/erc_remote/install/remote2025_messages/local/lib/python3.10/dist-packages/remote2025_messages/msg
[0.357s] -- Up-to-date: /home/rivalits/Documents/res/erc_remote/install/remote2025_messages/local/lib/python3.10/dist-packages/remote2025_messages/msg/__init__.py
[0.357s] -- Up-to-date: /home/rivalits/Documents/res/erc_remote/install/remote2025_messages/local/lib/python3.10/dist-packages/remote2025_messages/msg/_read_led_s.c
[0.357s] -- Up-to-date: /home/rivalits/Documents/res/erc_remote/install/remote2025_messages/local/lib/python3.10/dist-packages/remote2025_messages/msg/_read_led.py
[0.357s] -- Up-to-date: /home/rivalits/Documents/res/erc_remote/install/remote2025_messages/local/lib/python3.10/dist-packages/remote2025_messages/libdetect_messages__rosidl_generator_py.so
[0.357s] -- Up-to-date: /home/rivalits/Documents/res/erc_remote/install/remote2025_messages/local/lib/python3.10/dist-packages/remote2025_messages/remote2025_messages_s__rosidl_typesupport_introspection_c.cpython-310-x86_64-linux-gnu.so
[0.379s] Listing '/home/rivalits/Documents/res/erc_remote/install/remote2025_messages/local/lib/python3.10/dist-packages/remote2025_messages'...
[0.379s] Listing '/home/rivalits/Documents/res/erc_remote/install/remote2025_messages/local/lib/python3.10/dist-packages/remote2025_messages/msg'...
[0.383s] -- Up-to-date: /home/rivalits/Documents/res/erc_remote/install/remote2025_messages/local/lib/python3.10/dist-packages/remote2025_messages/remote2025_messages_s__rosidl_typesupport_fastrtps_c.cpython-310-x86_64-linux-gnu.so
[0.383s] -- Up-to-date: /home/rivalits/Documents/res/erc_remote/install/remote2025_messages/local/lib/python3.10/dist-packages/remote2025_messages/remote2025_messages_s__rosidl_typesupport_introspection_c.cpython-310-x86_64-linux-gnu.so
[0.383s] -- Up-to-date: /home/rivalits/Documents/res/erc_remote/install/remote2025_messages/local/lib/python3.10/dist-packages/remote2025_messages/remote2025_messages_s__rosidl_typesupport_c.cpython-310-x86_64-linux-gnu.so
[0.383s] -- Up-to-date: /home/rivalits/Documents/res/erc_remote/install/remote2025_messages/lib/libdetect_messages__rosidl_generator_py.so
[0.383s] -- Up-to-date: /home/rivalits/Documents/res/erc_remote/install/remote2025_messages/share/remote2025_messages/msg/ReadLed.idl
[0.383s] -- Up-to-date: /home/rivalits/Documents/res/erc_remote/install/remote2025_messages/share/remote2025_messages/msg/ReadLed.msg
[0.384s] -- Up-to-date: /home/rivalits/Documents/res/erc_remote/install/remote2025_messages/share/ament_index/resource_index/package_run_dependencies/remote2025_messages
[0.384s] -- Up-to-date: /home/rivalits/Documents/res/erc_remote/install/remote2025_messages/share/ament_index/resource_index/parent_prefix_path/remote2025_messages
[0.384s] -- Up-to-date: /home/rivalits/Documents/res/erc_remote/install/remote2025_messages/share/remote2025_messages/environment/ament_prefix_path.sh
[0.384s] -- Up-to-date: /home/rivalits/Documents/res/erc_remote/install/remote2025_messages/share/remote2025_messages/environment/ament_prefix_path.dsv
[0.384s] -- Up-to-date: /home/rivalits/Documents/res/erc_remote/install/remote2025_messages/share/remote2025_messages/environment/path.sh
[0.384s] -- Up-to-date: /home/rivalits/Documents/res/erc_remote/install/remote2025_messages/share/remote2025_messages/environment/path.dsv
[0.384s] -- Up-to-date: /home/rivalits/Documents/res/erc_remote/install/remote2025_messages/share/remote2025_messages/local_setup.bash
[0.385s] -- Up-to-date: /home/rivalits/Documents/res/erc_remote/install/remote2025_messages/share/remote2025_messages/local_setup.sh
[0.385s] -- Up-to-date: /home/rivalits/Documents/res/erc_remote/install/remote2025_messages/share/remote2025_messages/local_setup.zsh
[0.385s] -- Up-to-date: /home/rivalits/Documents/res/erc_remote/install/remote2025_messages/share/remote2025_messages/local_setup.dsv
[0.385s] -- Installing: /home/rivalits/Documents/res/erc_remote/install/remote2025_messages/share/remote2025_messages/package.dsv
[0.385s] -- Up-to-date: /home/rivalits/Documents/res/erc_remote/install/remote2025_messages/share/ament_index/resource_index/packages/remote2025_messages
[0.385s] -- Up-to-date: /home/rivalits/Documents/res/erc_remote/install/remote2025_messages/share/remote2025_messages/cmake/export_detect_messages__rosidl_generator_cExport.cmake
[0.385s] -- Up-to-date: /home/rivalits/Documents/res/erc_remote/install/remote2025_messages/share/remote2025_messages/cmake/export_detect_messages__rosidl_generator_cExport-noconfig.cmake
[0.385s] -- Up-to-date: /home/rivalits/Documents/res/erc_remote/install/remote2025_messages/share/remote2025_messages/cmake/export_detect_messages__rosidl_typesupport_fastrtps_cExport.cmake
[0.386s] -- Up-to-date: /home/rivalits/Documents/res/erc_remote/install/remote2025_messages/share/remote2025_messages/cmake/export_detect_messages__rosidl_typesupport_fastrtps_cExport-noconfig.cmake
[0.386s] -- Up-to-date: /home/rivalits/Documents/res/erc_remote/install/remote2025_messages/share/remote2025_messages/cmake/export_detect_messages__rosidl_generator_cppExport.cmake
[0.386s] -- Up-to-date: /home/rivalits/Documents/res/erc_remote/install/remote2025_messages/share/remote2025_messages/cmake/export_detect_messages__rosidl_typesupport_fastrtps_cppExport.cmake
[0.386s] -- Up-to-date: /home/rivalits/Documents/res/erc_remote/install/remote2025_messages/share/remote2025_messages/cmake/export_detect_messages__rosidl_typesupport_fastrtps_cppExport-noconfig.cmake
[0.387s] -- Up-to-date: /home/rivalits/Documents/res/erc_remote/install/remote2025_messages/share/remote2025_messages/cmake/detect_messages__rosidl_typesupport_introspection_cExport.cmake
[0.388s] -- Up-to-date: /home/rivalits/Documents/res/erc_remote/install/remote2025_messages/share/remote2025_messages/cmake/detect_messages__rosidl_typesupport_introspection_cExport-noconfig.cmake
[0.388s] -- Up-to-date: /home/rivalits/Documents/res/erc_remote/install/remote2025_messages/share/remote2025_messages/cmake/detect_messages__rosidl_typesupport_cExport.cmake
[0.388s] -- Up-to-date: /home/rivalits/Documents/res/erc_remote/install/remote2025_messages/share/remote2025_messages/cmake/detect_messages__rosidl_typesupport_cExport-noconfig.cmake
[0.389s] -- Up-to-date: /home/rivalits/Documents/res/erc_remote/install/remote2025_messages/share/remote2025_messages/cmake/detect_messages__rosidl_typesupport_introspection_cppExport.cmake
[0.389s] -- Up-to-date: /home/rivalits/Documents/res/erc_remote/install/remote2025_messages/share/remote2025_messages/cmake/detect_messages__rosidl_typesupport_introspection_cppExport-noconfig.cmake
[0.389s] -- Up-to-date: /home/rivalits/Documents/res/erc_remote/install/remote2025_messages/share/remote2025_messages/cmake/detect_messages__rosidl_typesupport_cppExport.cmake
[0.390s] -- Up-to-date: /home/rivalits/Documents/res/erc_remote/install/remote2025_messages/share/remote2025_messages/cmake/detect_messages__rosidl_typesupport_cppExport-noconfig.cmake
[0.390s] -- Up-to-date: /home/rivalits/Documents/res/erc_remote/install/remote2025_messages/share/remote2025_messages/cmake/export_detect_messages__rosidl_generator_pyExport.cmake
[0.390s] -- Up-to-date: /home/rivalits/Documents/res/erc_remote/install/remote2025_messages/share/remote2025_messages/cmake/export_detect_messages__rosidl_generator_pyExport-noconfig.cmake
[0.391s] -- Up-to-date: /home/rivalits/Documents/res/erc_remote/install/remote2025_messages/share/remote2025_messages/cmake/rosidl_cmake-extras.cmake
[0.391s] -- Up-to-date: /home/rivalits/Documents/res/erc_remote/install/remote2025_messages/share/remote2025_messages/cmake/ament_cmake_export_include_directories-extras.cmake
[0.391s] -- Up-to-date: /home/rivalits/Documents/res/erc_remote/install/remote2025_messages/share/remote2025_messages/cmake/ament_cmake_export_libraries-extras.cmake
[0.392s] -- Up-to-date: /home/rivalits/Documents/res/erc_remote/install/remote2025_messages/share/remote2025_messages/cmake/ament_cmake_export_targets-extras.cmake
[0.392s] -- Up-to-date: /home/rivalits/Documents/res/erc_remote/install/remote2025_messages/share/remote2025_messages/cmake/rosidl_cmake_export_typesupport_targets-extras.cmake
[0.392s] -- Up-to-date: /home/rivalits/Documents/res/erc_remote/install/remote2025_messages/share/remote2025_messages/cmake/ament_cmake_export_dependencies-extras.cmake
[0.392s] -- Up-to-date: /home/rivalits/Documents/res/erc_remote/install/remote2025_messages/share/remote2025_messages/cmake/rosidl_cmake_export_typesupport_libraries-extras.cmake
[0.392s] -- Up-to-date: /home/rivalits/Documents/res/erc_remote/install/remote2025_messages/share/remote2025_messages/cmake/remote2025_messagesConfig.cmake
[0.393s] -- Up-to-date: /home/rivalits/Documents/res/erc_remote/install/remote2025_messages/share/remote2025_messages/cmake/remote2025_messagesConfig-version.cmake
[0.394s] -- Up-to-date: /home/rivalits/Documents/res/erc_remote/install/remote2025_messages/share/remote2025_messages/package.xml
[0.396s] Invoked command in '/home/rivalits/Documents/res/erc_remote/build/remote2025_messages' returned '0': CMAKE_PREFIX_PATH=/opt/ros/humble /usr/bin/cmake --install /home/rivalits/Documents/res/erc_remote/build/remote2025_messages
